  [4;36;1mSQL (0.1ms)[0m   [0;1mSET NAMES 'utf8'[0m
  [4;35;1mSQL (0.2ms)[0m   [0mSET SQL_AUTO_IS_NULL=0[0m
  [4;36;1mUser Load (0.0ms)[0m   [0;1mMysql::Error: Unknown column 'users.id' in 'order clause': SELECT * FROM `users` ORDER BY users.id DESC LIMIT 1[0m
  [4;35;1mUser Load (0.7ms)[0m   [0mSELECT * FROM `users` [0m
  [4;36;1mUser Columns (1.4ms)[0m   [0;1mSHOW FIELDS FROM `users`[0m
  [4;36;1mSQL (0.2ms)[0m   [0;1mSET NAMES 'utf8'[0m
  [4;35;1mSQL (0.1ms)[0m   [0mSET SQL_AUTO_IS_NULL=0[0m


Processing HomeController#content (for 127.0.0.1 at 2011-12-27 15:06:22) [GET]
Rendering home/content
Completed in 11ms (View: 8, DB: 0) | 200 OK [http://localhost/home]
  [4;36;1mSQL (0.2ms)[0m   [0;1mSET NAMES 'utf8'[0m
  [4;35;1mSQL (0.1ms)[0m   [0mSET SQL_AUTO_IS_NULL=0[0m


Processing HomeController#content (for 127.0.0.1 at 2011-12-27 15:10:08) [GET]
Rendering home/content
Completed in 6ms (View: 5, DB: 0) | 200 OK [http://localhost/home]
  [4;36;1mSQL (0.1ms)[0m   [0;1mSET NAMES 'utf8'[0m
  [4;35;1mSQL (0.1ms)[0m   [0mSET SQL_AUTO_IS_NULL=0[0m


Processing HomeController#index (for 127.0.0.1 at 2011-12-27 15:14:06) [GET]
Rendering home/index
Completed in 7ms (View: 6, DB: 0) | 200 OK [http://localhost/]
  [4;36;1mSQL (0.1ms)[0m   [0;1mSET NAMES 'utf8'[0m
  [4;35;1mSQL (0.1ms)[0m   [0mSET SQL_AUTO_IS_NULL=0[0m


Processing HomeController#index (for 127.0.0.1 at 2011-12-27 15:14:09) [GET]
Rendering home/index
Completed in 2ms (View: 1, DB: 0) | 200 OK [http://localhost/]
  [4;36;1mSQL (0.1ms)[0m   [0;1mSET NAMES 'utf8'[0m
  [4;35;1mSQL (0.1ms)[0m   [0mSET SQL_AUTO_IS_NULL=0[0m


Processing HomeController#index (for 127.0.0.1 at 2011-12-27 15:16:33) [GET]
Redirected to http://localhost:3000/articles
Filter chain halted as [:authorize] rendered_or_redirected.
Completed in 5ms (DB: 0) | 302 Found [http://localhost/]
  [4;36;1mSQL (0.2ms)[0m   [0;1mSET NAMES 'utf8'[0m
  [4;35;1mSQL (0.2ms)[0m   [0mSET SQL_AUTO_IS_NULL=0[0m


Processing ApplicationController#index (for 127.0.0.1 at 2011-12-27 15:16:33) [GET]

ActionController::RoutingError (No route matches "/articles" with {:method=>:get}):
  /usr/lib/ruby/1.8/action_controller/routing/recognition_optimisation.rb:66:in `recognize_path'
  /usr/lib/ruby/1.8/action_controller/routing/route_set.rb:441:in `recognize'
  /usr/lib/ruby/1.8/action_controller/routing/route_set.rb:436:in `call'
  /usr/lib/ruby/1.8/action_controller/dispatcher.rb:87:in `dispatch'
  /usr/lib/ruby/1.8/action_controller/dispatcher.rb:121:in `_call'
  /usr/lib/ruby/1.8/action_controller/dispatcher.rb:130:in `build_middleware_stack'
  /usr/lib/ruby/1.8/active_record/query_cache.rb:29:in `call'
  /usr/lib/ruby/1.8/active_record/query_cache.rb:29:in `call'
  /usr/lib/ruby/1.8/active_record/connection_adapters/abstract/query_cache.rb:34:in `cache'
  /usr/lib/ruby/1.8/active_record/query_cache.rb:9:in `cache'
  /usr/lib/ruby/1.8/active_record/query_cache.rb:28:in `call'
  /usr/lib/ruby/1.8/active_record/connection_adapters/abstract/connection_pool.rb:361:in `call'
  /usr/lib/ruby/1.8/action_controller/string_coercion.rb:25:in `call'
  /usr/lib/ruby/1.8/rack/head.rb:9:in `call'
  /usr/lib/ruby/1.8/rack/methodoverride.rb:24:in `call'
  /usr/lib/ruby/1.8/action_controller/params_parser.rb:15:in `call'
  /usr/lib/ruby/1.8/action_controller/session/cookie_store.rb:93:in `call'
  /usr/lib/ruby/1.8/action_controller/failsafe.rb:26:in `call'
  /usr/lib/ruby/1.8/rack/lock.rb:11:in `call'
  /usr/lib/ruby/1.8/rack/lock.rb:11:in `synchronize'
  /usr/lib/ruby/1.8/rack/lock.rb:11:in `call'
  /usr/lib/ruby/1.8/action_controller/dispatcher.rb:114:in `call'
  /usr/lib/ruby/1.8/action_controller/reloader.rb:34:in `run'
  /usr/lib/ruby/1.8/action_controller/dispatcher.rb:108:in `call'
  /usr/lib/ruby/1.8/rack/urlmap.rb:47:in `call'
  /usr/lib/ruby/1.8/rack/urlmap.rb:41:in `each'
  /usr/lib/ruby/1.8/rack/urlmap.rb:41:in `call'
  /usr/lib/ruby/1.8/rack/content_length.rb:13:in `call'
  /usr/lib/ruby/1.8/rack/chunked.rb:15:in `call'
  /usr/lib/ruby/1.8/rack/handler/mongrel.rb:67:in `process'
  /usr/lib/ruby/1.8/rack/handler/mongrel.rb:38:in `run'

Rendering rescues/layout (not_found)
  [4;36;1mSQL (0.1ms)[0m   [0;1mSET NAMES 'utf8'[0m
  [4;35;1mSQL (0.1ms)[0m   [0mSET SQL_AUTO_IS_NULL=0[0m


Processing HomeController#index (for 127.0.0.1 at 2011-12-27 15:17:02) [GET]
Redirected to http://localhost:3000/user/login
Filter chain halted as [:authorize] rendered_or_redirected.
Completed in 1ms (DB: 0) | 302 Found [http://localhost/]
  [4;36;1mSQL (0.1ms)[0m   [0;1mSET NAMES 'utf8'[0m
  [4;35;1mSQL (0.1ms)[0m   [0mSET SQL_AUTO_IS_NULL=0[0m


Processing UserController#login (for 127.0.0.1 at 2011-12-27 15:17:02) [GET]
Rendering user/login
Completed in 7ms (View: 6, DB: 0) | 200 OK [http://localhost/user/login]
  [4;35;1mUser Load (0.0ms)[0m   [0mMysql::Error: Unknown column 'users.id' in 'where clause': SELECT * FROM `users` WHERE (`users`.`id` = 1) [0m
  [4;36;1mSQL (0.3ms)[0m   [0;1mSET NAMES 'utf8'[0m
  [4;35;1mSQL (0.2ms)[0m   [0mSET SQL_AUTO_IS_NULL=0[0m
  [4;36;1mUser Columns (1.5ms)[0m   [0;1mSHOW FIELDS FROM `users`[0m
  [4;35;1mUser Load (0.7ms)[0m   [0mSELECT * FROM `users` WHERE (`users`.`user_id` = 1) LIMIT 1[0m
  [4;36;1mSQL (0.1ms)[0m   [0;1mSET NAMES 'utf8'[0m
  [4;35;1mSQL (0.1ms)[0m   [0mSET SQL_AUTO_IS_NULL=0[0m


Processing UserController#login (for 127.0.0.1 at 2011-12-27 15:22:53) [GET]
Rendering user/login
Completed in 2ms (View: 1, DB: 0) | 200 OK [http://localhost/user/login]
  [4;36;1mSQL (0.1ms)[0m   [0;1mSET NAMES 'utf8'[0m
  [4;35;1mSQL (0.1ms)[0m   [0mSET SQL_AUTO_IS_NULL=0[0m


Processing UserController#login (for 127.0.0.1 at 2011-12-27 15:25:09) [GET]
Rendering user/login
Completed in 5ms (View: 4, DB: 0) | 200 OK [http://localhost/user/login]
  [4;36;1mSQL (0.1ms)[0m   [0;1mSET NAMES 'utf8'[0m
  [4;35;1mSQL (0.1ms)[0m   [0mSET SQL_AUTO_IS_NULL=0[0m


Processing UserController#login (for 127.0.0.1 at 2011-12-27 15:25:25) [GET]
Rendering user/login
Completed in 5ms (View: 4, DB: 0) | 200 OK [http://localhost/user/login]
  [4;36;1mSQL (0.1ms)[0m   [0;1mSET NAMES 'utf8'[0m
  [4;35;1mSQL (0.1ms)[0m   [0mSET SQL_AUTO_IS_NULL=0[0m


Processing UserController#login (for 127.0.0.1 at 2011-12-27 15:26:24) [GET]
Rendering user/login
Completed in 2ms (View: 1, DB: 0) | 200 OK [http://localhost/user/login]
  [4;36;1mSQL (0.1ms)[0m   [0;1mSET NAMES 'utf8'[0m
  [4;35;1mSQL (0.1ms)[0m   [0mSET SQL_AUTO_IS_NULL=0[0m


Processing UserController#login (for 127.0.0.1 at 2011-12-27 15:26:26) [GET]
Rendering user/login
Completed in 42ms (View: 1, DB: 0) | 200 OK [http://localhost/user/login]
  [4;36;1mSQL (0.1ms)[0m   [0;1mSET NAMES 'utf8'[0m
  [4;35;1mSQL (0.1ms)[0m   [0mSET SQL_AUTO_IS_NULL=0[0m


Processing UserController#login (for 127.0.0.1 at 2011-12-27 15:27:01) [GET]
Rendering user/login
Completed in 2ms (View: 1, DB: 0) | 200 OK [http://localhost/user/login]
  [4;36;1mSQL (0.1ms)[0m   [0;1mSET NAMES 'utf8'[0m
  [4;35;1mSQL (0.1ms)[0m   [0mSET SQL_AUTO_IS_NULL=0[0m


Processing UserController#login (for 127.0.0.1 at 2011-12-27 15:29:20) [GET]
Rendering user/login
Completed in 5ms (View: 4, DB: 0) | 200 OK [http://localhost/user/login]
  [4;36;1mSQL (0.1ms)[0m   [0;1mSET NAMES 'utf8'[0m
  [4;35;1mSQL (0.2ms)[0m   [0mSET SQL_AUTO_IS_NULL=0[0m


Processing UserController#login (for 127.0.0.1 at 2011-12-27 15:31:38) [GET]
  Parameters: {"retrospective_login"=>"true"}
Rendering user/login
Completed in 3ms (View: 1, DB: 0) | 200 OK [http://localhost/user/login?retrospective_login=true]
  [4;36;1mSQL (0.1ms)[0m   [0;1mSET NAMES 'utf8'[0m
  [4;35;1mSQL (0.1ms)[0m   [0mSET SQL_AUTO_IS_NULL=0[0m


Processing UserController#login (for 127.0.0.1 at 2011-12-27 15:32:40) [GET]
Rendering user/login
Completed in 2ms (View: 1, DB: 0) | 200 OK [http://localhost/user/login]
  [4;36;1mSQL (0.1ms)[0m   [0;1mSET NAMES 'utf8'[0m
  [4;35;1mSQL (0.1ms)[0m   [0mSET SQL_AUTO_IS_NULL=0[0m


Processing UserController#login (for 127.0.0.1 at 2011-12-27 15:35:08) [GET]
Rendering user/login
Completed in 2ms (View: 1, DB: 0) | 200 OK [http://localhost/user/login]
  [4;36;1mSQL (0.1ms)[0m   [0;1mSET NAMES 'utf8'[0m
  [4;35;1mSQL (0.1ms)[0m   [0mSET SQL_AUTO_IS_NULL=0[0m


Processing UserController#login (for 127.0.0.1 at 2011-12-27 15:36:13) [GET]
Rendering user/login
Completed in 7ms (View: 5, DB: 0) | 200 OK [http://localhost/user/login]
  [4;36;1mSQL (0.1ms)[0m   [0;1mSET NAMES 'utf8'[0m
  [4;35;1mSQL (0.1ms)[0m   [0mSET SQL_AUTO_IS_NULL=0[0m


Processing UserController#login (for 127.0.0.1 at 2011-12-27 15:38:23) [GET]
Rendering user/login
Completed in 8ms (View: 4, DB: 0) | 200 OK [http://localhost/user/login]
  [4;36;1mSQL (0.1ms)[0m   [0;1mSET NAMES 'utf8'[0m
  [4;35;1mSQL (0.1ms)[0m   [0mSET SQL_AUTO_IS_NULL=0[0m


Processing UserController#login (for 127.0.0.1 at 2011-12-27 15:38:57) [GET]
Rendering user/login
Completed in 5ms (View: 4, DB: 0) | 200 OK [http://localhost/user/login]
  [4;36;1mSQL (0.1ms)[0m   [0;1mSET NAMES 'utf8'[0m
  [4;35;1mSQL (0.1ms)[0m   [0mSET SQL_AUTO_IS_NULL=0[0m


Processing UserController#login (for 127.0.0.1 at 2011-12-27 15:39:24) [GET]
Rendering user/login
Completed in 5ms (View: 4, DB: 0) | 200 OK [http://localhost/user/login]
  [4;36;1mSQL (0.1ms)[0m   [0;1mSET NAMES 'utf8'[0m
  [4;35;1mSQL (0.1ms)[0m   [0mSET SQL_AUTO_IS_NULL=0[0m


Processing UserController#login (for 127.0.0.1 at 2011-12-27 15:42:21) [GET]
Rendering user/login
Completed in 5ms (View: 4, DB: 0) | 200 OK [http://localhost/user/login]
  [4;36;1mSQL (0.1ms)[0m   [0;1mSET NAMES 'utf8'[0m
  [4;35;1mSQL (0.1ms)[0m   [0mSET SQL_AUTO_IS_NULL=0[0m


Processing ApplicationController#index (for 127.0.0.1 at 2011-12-27 15:42:21) [GET]

ActionController::RoutingError (No route matches "/stylesheets/main_header.css" with {:method=>:get}):
  /usr/lib/ruby/1.8/action_controller/routing/recognition_optimisation.rb:66:in `recognize_path'
  /usr/lib/ruby/1.8/action_controller/routing/route_set.rb:441:in `recognize'
  /usr/lib/ruby/1.8/action_controller/routing/route_set.rb:436:in `call'
  /usr/lib/ruby/1.8/action_controller/dispatcher.rb:87:in `dispatch'
  /usr/lib/ruby/1.8/action_controller/dispatcher.rb:121:in `_call'
  /usr/lib/ruby/1.8/action_controller/dispatcher.rb:130:in `build_middleware_stack'
  /usr/lib/ruby/1.8/active_record/query_cache.rb:29:in `call'
  /usr/lib/ruby/1.8/active_record/query_cache.rb:29:in `call'
  /usr/lib/ruby/1.8/active_record/connection_adapters/abstract/query_cache.rb:34:in `cache'
  /usr/lib/ruby/1.8/active_record/query_cache.rb:9:in `cache'
  /usr/lib/ruby/1.8/active_record/query_cache.rb:28:in `call'
  /usr/lib/ruby/1.8/active_record/connection_adapters/abstract/connection_pool.rb:361:in `call'
  /usr/lib/ruby/1.8/action_controller/string_coercion.rb:25:in `call'
  /usr/lib/ruby/1.8/rack/head.rb:9:in `call'
  /usr/lib/ruby/1.8/rack/methodoverride.rb:24:in `call'
  /usr/lib/ruby/1.8/action_controller/params_parser.rb:15:in `call'
  /usr/lib/ruby/1.8/action_controller/session/cookie_store.rb:93:in `call'
  /usr/lib/ruby/1.8/action_controller/failsafe.rb:26:in `call'
  /usr/lib/ruby/1.8/rack/lock.rb:11:in `call'
  /usr/lib/ruby/1.8/rack/lock.rb:11:in `synchronize'
  /usr/lib/ruby/1.8/rack/lock.rb:11:in `call'
  /usr/lib/ruby/1.8/action_controller/dispatcher.rb:114:in `call'
  /usr/lib/ruby/1.8/action_controller/reloader.rb:34:in `run'
  /usr/lib/ruby/1.8/action_controller/dispatcher.rb:108:in `call'
  /usr/lib/ruby/1.8/rack/urlmap.rb:47:in `call'
  /usr/lib/ruby/1.8/rack/urlmap.rb:41:in `each'
  /usr/lib/ruby/1.8/rack/urlmap.rb:41:in `call'
  /usr/lib/ruby/1.8/rack/content_length.rb:13:in `call'
  /usr/lib/ruby/1.8/rack/chunked.rb:15:in `call'
  /usr/lib/ruby/1.8/rack/handler/mongrel.rb:67:in `process'
  /usr/lib/ruby/1.8/rack/handler/mongrel.rb:38:in `run'

Rendering rescues/layout (not_found)
  [4;36;1mSQL (0.1ms)[0m   [0;1mSET NAMES 'utf8'[0m
  [4;35;1mSQL (0.1ms)[0m   [0mSET SQL_AUTO_IS_NULL=0[0m


Processing UserController#login (for 127.0.0.1 at 2011-12-27 15:42:50) [GET]
Rendering user/login
Completed in 5ms (View: 4, DB: 0) | 200 OK [http://localhost/user/login]
  [4;36;1mSQL (0.1ms)[0m   [0;1mSET NAMES 'utf8'[0m
  [4;35;1mSQL (0.1ms)[0m   [0mSET SQL_AUTO_IS_NULL=0[0m


Processing UserController#login (for 127.0.0.1 at 2011-12-27 15:43:47) [GET]
Rendering user/login

ActionView::TemplateError (Missing template user/_main_header.erb in view path app/views) on line #10 of app/views/user/login.html.erb:
7: 
8: <body>
9: 
10: <%= render(:partial => "main_header") %>
11: 
12: </body>
13: </html>

    /usr/lib/ruby/1.8/action_view/paths.rb:66:in `find_template'
    /usr/lib/ruby/1.8/action_view/partials.rb:236:in `_unmemoized__pick_partial_template'
    /usr/lib/ruby/1.8/active_support/memoizable.rb:84:in `_pick_partial_template'
    /usr/lib/ruby/1.8/action_view/partials.rb:184:in `render_partial'
    /usr/lib/ruby/1.8/action_view/base.rb:267:in `render'
    app/views/user/login.html.erb:10
    /usr/lib/ruby/1.8/action_view/renderable.rb:34:in `send'
    /usr/lib/ruby/1.8/action_view/renderable.rb:34:in `render'
    /usr/lib/ruby/1.8/action_view/base.rb:306:in `with_template'
    /usr/lib/ruby/1.8/action_view/renderable.rb:30:in `render'
    /usr/lib/ruby/1.8/action_view/template.rb:205:in `render_template'
    /usr/lib/ruby/1.8/action_view/base.rb:265:in `render'
    /usr/lib/ruby/1.8/action_controller/base.rb:1250:in `render_for_file'
    /usr/lib/ruby/1.8/action_controller/base.rb:945:in `render_without_benchmark'
    /usr/lib/ruby/1.8/action_controller/benchmarking.rb:51:in `render'
    /usr/lib/ruby/1.8/action_controller/benchmarking.rb:51:in `render'
    /usr/lib/ruby/1.8/action_controller/base.rb:1326:in `default_render'
    /usr/lib/ruby/1.8/action_controller/base.rb:1332:in `perform_action_without_filters'
    /usr/lib/ruby/1.8/action_controller/filters.rb:617:in `call_filters'
    /usr/lib/ruby/1.8/action_controller/filters.rb:610:in `perform_action_without_benchmark'
    /usr/lib/ruby/1.8/action_controller/benchmarking.rb:68:in `perform_action_without_rescue'
    /usr/lib/ruby/1.8/action_controller/benchmarking.rb:68:in `perform_action_without_rescue'
    /usr/lib/ruby/1.8/action_controller/rescue.rb:160:in `perform_action_without_flash'
    /usr/lib/ruby/1.8/action_controller/flash.rb:146:in `perform_action'
    /usr/lib/ruby/1.8/action_controller/base.rb:532:in `send'
    /usr/lib/ruby/1.8/action_controller/base.rb:532:in `process_without_filters'
    /usr/lib/ruby/1.8/action_controller/filters.rb:606:in `process'
    /usr/lib/ruby/1.8/action_controller/base.rb:391:in `process'
    /usr/lib/ruby/1.8/action_controller/base.rb:386:in `call'
    /usr/lib/ruby/1.8/action_controller/routing/route_set.rb:437:in `call'
    /usr/lib/ruby/1.8/action_controller/dispatcher.rb:87:in `dispatch'
    /usr/lib/ruby/1.8/action_controller/dispatcher.rb:121:in `_call'
    /usr/lib/ruby/1.8/action_controller/dispatcher.rb:130:in `build_middleware_stack'
    /usr/lib/ruby/1.8/active_record/query_cache.rb:29:in `call'
    /usr/lib/ruby/1.8/active_record/query_cache.rb:29:in `call'
    /usr/lib/ruby/1.8/active_record/connection_adapters/abstract/query_cache.rb:34:in `cache'
    /usr/lib/ruby/1.8/active_record/query_cache.rb:9:in `cache'
    /usr/lib/ruby/1.8/active_record/query_cache.rb:28:in `call'
    /usr/lib/ruby/1.8/active_record/connection_adapters/abstract/connection_pool.rb:361:in `call'
    /usr/lib/ruby/1.8/action_controller/string_coercion.rb:25:in `call'
    /usr/lib/ruby/1.8/rack/head.rb:9:in `call'
    /usr/lib/ruby/1.8/rack/methodoverride.rb:24:in `call'
    /usr/lib/ruby/1.8/action_controller/params_parser.rb:15:in `call'
    /usr/lib/ruby/1.8/action_controller/session/cookie_store.rb:93:in `call'
    /usr/lib/ruby/1.8/action_controller/failsafe.rb:26:in `call'
    /usr/lib/ruby/1.8/rack/lock.rb:11:in `call'
    /usr/lib/ruby/1.8/rack/lock.rb:11:in `synchronize'
    /usr/lib/ruby/1.8/rack/lock.rb:11:in `call'
    /usr/lib/ruby/1.8/action_controller/dispatcher.rb:114:in `call'
    /usr/lib/ruby/1.8/action_controller/reloader.rb:34:in `run'
    /usr/lib/ruby/1.8/action_controller/dispatcher.rb:108:in `call'
    /usr/lib/ruby/1.8/rack/urlmap.rb:47:in `call'
    /usr/lib/ruby/1.8/rack/urlmap.rb:41:in `each'
    /usr/lib/ruby/1.8/rack/urlmap.rb:41:in `call'
    /usr/lib/ruby/1.8/rack/content_length.rb:13:in `call'
    /usr/lib/ruby/1.8/rack/chunked.rb:15:in `call'
    /usr/lib/ruby/1.8/rack/handler/mongrel.rb:67:in `process'
    /usr/lib/ruby/1.8/rack/handler/mongrel.rb:38:in `run'

Rendered rescues/_trace (21.1ms)
Rendered rescues/_request_and_response (1.3ms)
Rendering rescues/layout (internal_server_error)
  [4;36;1mSQL (0.2ms)[0m   [0;1mSET NAMES 'utf8'[0m
  [4;35;1mSQL (0.2ms)[0m   [0mSET SQL_AUTO_IS_NULL=0[0m


Processing UserController#login (for 127.0.0.1 at 2011-12-27 15:44:07) [GET]
Rendering user/login
Rendered home/_main_header (0.6ms)
Completed in 8ms (View: 7, DB: 0) | 200 OK [http://localhost/user/login]
  [4;36;1mSQL (0.1ms)[0m   [0;1mSET NAMES 'utf8'[0m
  [4;35;1mSQL (0.1ms)[0m   [0mSET SQL_AUTO_IS_NULL=0[0m


Processing ApplicationController#index (for 127.0.0.1 at 2011-12-27 15:44:07) [GET]

ActionController::RoutingError (No route matches "/stylesheets/main_header.css" with {:method=>:get}):
  /usr/lib/ruby/1.8/action_controller/routing/recognition_optimisation.rb:66:in `recognize_path'
  /usr/lib/ruby/1.8/action_controller/routing/route_set.rb:441:in `recognize'
  /usr/lib/ruby/1.8/action_controller/routing/route_set.rb:436:in `call'
  /usr/lib/ruby/1.8/action_controller/dispatcher.rb:87:in `dispatch'
  /usr/lib/ruby/1.8/action_controller/dispatcher.rb:121:in `_call'
  /usr/lib/ruby/1.8/action_controller/dispatcher.rb:130:in `build_middleware_stack'
  /usr/lib/ruby/1.8/active_record/query_cache.rb:29:in `call'
  /usr/lib/ruby/1.8/active_record/query_cache.rb:29:in `call'
  /usr/lib/ruby/1.8/active_record/connection_adapters/abstract/query_cache.rb:34:in `cache'
  /usr/lib/ruby/1.8/active_record/query_cache.rb:9:in `cache'
  /usr/lib/ruby/1.8/active_record/query_cache.rb:28:in `call'
  /usr/lib/ruby/1.8/active_record/connection_adapters/abstract/connection_pool.rb:361:in `call'
  /usr/lib/ruby/1.8/action_controller/string_coercion.rb:25:in `call'
  /usr/lib/ruby/1.8/rack/head.rb:9:in `call'
  /usr/lib/ruby/1.8/rack/methodoverride.rb:24:in `call'
  /usr/lib/ruby/1.8/action_controller/params_parser.rb:15:in `call'
  /usr/lib/ruby/1.8/action_controller/session/cookie_store.rb:93:in `call'
  /usr/lib/ruby/1.8/action_controller/failsafe.rb:26:in `call'
  /usr/lib/ruby/1.8/rack/lock.rb:11:in `call'
  /usr/lib/ruby/1.8/rack/lock.rb:11:in `synchronize'
  /usr/lib/ruby/1.8/rack/lock.rb:11:in `call'
  /usr/lib/ruby/1.8/action_controller/dispatcher.rb:114:in `call'
  /usr/lib/ruby/1.8/action_controller/reloader.rb:34:in `run'
  /usr/lib/ruby/1.8/action_controller/dispatcher.rb:108:in `call'
  /usr/lib/ruby/1.8/rack/urlmap.rb:47:in `call'
  /usr/lib/ruby/1.8/rack/urlmap.rb:41:in `each'
  /usr/lib/ruby/1.8/rack/urlmap.rb:41:in `call'
  /usr/lib/ruby/1.8/rack/content_length.rb:13:in `call'
  /usr/lib/ruby/1.8/rack/chunked.rb:15:in `call'
  /usr/lib/ruby/1.8/rack/handler/mongrel.rb:67:in `process'
  /usr/lib/ruby/1.8/rack/handler/mongrel.rb:38:in `run'

Rendering rescues/layout (not_found)
  [4;36;1mSQL (0.1ms)[0m   [0;1mSET NAMES 'utf8'[0m
  [4;35;1mSQL (0.1ms)[0m   [0mSET SQL_AUTO_IS_NULL=0[0m


Processing UserController#login (for 127.0.0.1 at 2011-12-27 15:45:03) [GET]
Rendering user/login
Rendered home/_main_header (0.2ms)
Completed in 7ms (View: 5, DB: 0) | 200 OK [http://localhost/user/login]
  [4;36;1mSQL (0.1ms)[0m   [0;1mSET NAMES 'utf8'[0m
  [4;35;1mSQL (0.1ms)[0m   [0mSET SQL_AUTO_IS_NULL=0[0m


Processing UserController#login (for 127.0.0.1 at 2011-12-27 15:48:21) [GET]
Rendering user/login
Rendered home/_main_header (0.3ms)
Completed in 7ms (View: 5, DB: 0) | 200 OK [http://localhost/user/login]
  [4;36;1mSQL (0.1ms)[0m   [0;1mSET NAMES 'utf8'[0m
  [4;35;1mSQL (0.1ms)[0m   [0mSET SQL_AUTO_IS_NULL=0[0m


Processing UserController#login (for 127.0.0.1 at 2011-12-27 15:49:08) [GET]
Rendering user/login
Rendered home/_main_header (0.2ms)
Completed in 6ms (View: 4, DB: 0) | 200 OK [http://localhost/user/login]
  [4;36;1mSQL (0.1ms)[0m   [0;1mSET NAMES 'utf8'[0m
  [4;35;1mSQL (0.1ms)[0m   [0mSET SQL_AUTO_IS_NULL=0[0m


Processing UserController#login (for 127.0.0.1 at 2011-12-27 15:51:12) [GET]
Rendering user/login
Rendered home/_main_header (0.2ms)
Completed in 6ms (View: 4, DB: 0) | 200 OK [http://localhost/user/login]
  [4;36;1mSQL (0.1ms)[0m   [0;1mSET NAMES 'utf8'[0m
  [4;35;1mSQL (0.1ms)[0m   [0mSET SQL_AUTO_IS_NULL=0[0m


Processing UserController#login (for 127.0.0.1 at 2011-12-27 15:52:41) [GET]
Rendering user/login
Rendered home/_main_header (0.2ms)
Completed in 6ms (View: 4, DB: 0) | 200 OK [http://localhost/user/login]
  [4;36;1mSQL (0.1ms)[0m   [0;1mSET NAMES 'utf8'[0m
  [4;35;1mSQL (0.1ms)[0m   [0mSET SQL_AUTO_IS_NULL=0[0m


Processing UserController#login (for 127.0.0.1 at 2011-12-27 15:53:11) [GET]
Rendering user/login
Rendered home/_main_header (0.2ms)
Completed in 2ms (View: 1, DB: 0) | 200 OK [http://localhost/user/login]
  [4;36;1mSQL (0.1ms)[0m   [0;1mSET NAMES 'utf8'[0m
  [4;35;1mSQL (0.1ms)[0m   [0mSET SQL_AUTO_IS_NULL=0[0m


Processing UserController#login (for 127.0.0.1 at 2011-12-27 15:53:51) [GET]
Rendering user/login
Rendered home/_main_header (0.2ms)
Completed in 2ms (View: 1, DB: 0) | 200 OK [http://localhost/user/login]
  [4;36;1mSQL (0.2ms)[0m   [0;1mSET NAMES 'utf8'[0m
  [4;35;1mSQL (0.2ms)[0m   [0mSET SQL_AUTO_IS_NULL=0[0m


Processing UserController#login (for 127.0.0.1 at 2011-12-27 15:55:04) [GET]
Rendering user/login
Rendered home/_main_header (0.2ms)
Completed in 3ms (View: 2, DB: 0) | 200 OK [http://localhost/user/login]
  [4;36;1mSQL (0.1ms)[0m   [0;1mSET NAMES 'utf8'[0m
  [4;35;1mSQL (0.1ms)[0m   [0mSET SQL_AUTO_IS_NULL=0[0m


Processing UserController#login (for 127.0.0.1 at 2011-12-27 15:55:49) [GET]
Rendering user/login
Rendered home/_main_header (0.2ms)
Completed in 3ms (View: 1, DB: 0) | 200 OK [http://localhost/user/login]
  [4;36;1mSQL (0.1ms)[0m   [0;1mSET NAMES 'utf8'[0m
  [4;35;1mSQL (0.1ms)[0m   [0mSET SQL_AUTO_IS_NULL=0[0m


Processing UserController#login (for 127.0.0.1 at 2011-12-27 15:56:16) [GET]
Rendering user/login
Rendered home/_main_header (0.2ms)
Completed in 3ms (View: 2, DB: 0) | 200 OK [http://localhost/user/login]
  [4;36;1mSQL (0.1ms)[0m   [0;1mSET NAMES 'utf8'[0m
  [4;35;1mSQL (0.1ms)[0m   [0mSET SQL_AUTO_IS_NULL=0[0m


Processing UserController#login (for 127.0.0.1 at 2011-12-27 15:56:25) [GET]
Rendering user/login
Rendered home/_main_header (0.2ms)
Completed in 4ms (View: 1, DB: 0) | 200 OK [http://localhost/user/login]
  [4;36;1mSQL (0.1ms)[0m   [0;1mSET NAMES 'utf8'[0m
  [4;35;1mSQL (0.1ms)[0m   [0mSET SQL_AUTO_IS_NULL=0[0m


Processing UserController#login (for 127.0.0.1 at 2011-12-27 15:59:42) [GET]
Rendering user/login
Rendered home/_main_header (0.2ms)
Completed in 3ms (View: 2, DB: 0) | 200 OK [http://localhost/user/login]
  [4;36;1mSQL (0.1ms)[0m   [0;1mSET NAMES 'utf8'[0m
  [4;35;1mSQL (0.1ms)[0m   [0mSET SQL_AUTO_IS_NULL=0[0m


Processing ApplicationController#index (for 127.0.0.1 at 2011-12-27 15:59:42) [GET]

ActionController::RoutingError (No route matches "/images/bg.gif" with {:method=>:get}):
  /usr/lib/ruby/1.8/action_controller/routing/recognition_optimisation.rb:66:in `recognize_path'
  /usr/lib/ruby/1.8/action_controller/routing/route_set.rb:441:in `recognize'
  /usr/lib/ruby/1.8/action_controller/routing/route_set.rb:436:in `call'
  /usr/lib/ruby/1.8/action_controller/dispatcher.rb:87:in `dispatch'
  /usr/lib/ruby/1.8/action_controller/dispatcher.rb:121:in `_call'
  /usr/lib/ruby/1.8/action_controller/dispatcher.rb:130:in `build_middleware_stack'
  /usr/lib/ruby/1.8/active_record/query_cache.rb:29:in `call'
  /usr/lib/ruby/1.8/active_record/query_cache.rb:29:in `call'
  /usr/lib/ruby/1.8/active_record/connection_adapters/abstract/query_cache.rb:34:in `cache'
  /usr/lib/ruby/1.8/active_record/query_cache.rb:9:in `cache'
  /usr/lib/ruby/1.8/active_record/query_cache.rb:28:in `call'
  /usr/lib/ruby/1.8/active_record/connection_adapters/abstract/connection_pool.rb:361:in `call'
  /usr/lib/ruby/1.8/action_controller/string_coercion.rb:25:in `call'
  /usr/lib/ruby/1.8/rack/head.rb:9:in `call'
  /usr/lib/ruby/1.8/rack/methodoverride.rb:24:in `call'
  /usr/lib/ruby/1.8/action_controller/params_parser.rb:15:in `call'
  /usr/lib/ruby/1.8/action_controller/session/cookie_store.rb:93:in `call'
  /usr/lib/ruby/1.8/action_controller/failsafe.rb:26:in `call'
  /usr/lib/ruby/1.8/rack/lock.rb:11:in `call'
  /usr/lib/ruby/1.8/rack/lock.rb:11:in `synchronize'
  /usr/lib/ruby/1.8/rack/lock.rb:11:in `call'
  /usr/lib/ruby/1.8/action_controller/dispatcher.rb:114:in `call'
  /usr/lib/ruby/1.8/action_controller/reloader.rb:34:in `run'
  /usr/lib/ruby/1.8/action_controller/dispatcher.rb:108:in `call'
  /usr/lib/ruby/1.8/rack/urlmap.rb:47:in `call'
  /usr/lib/ruby/1.8/rack/urlmap.rb:41:in `each'
  /usr/lib/ruby/1.8/rack/urlmap.rb:41:in `call'
  /usr/lib/ruby/1.8/rack/content_length.rb:13:in `call'
  /usr/lib/ruby/1.8/rack/chunked.rb:15:in `call'
  /usr/lib/ruby/1.8/rack/handler/mongrel.rb:67:in `process'
  /usr/lib/ruby/1.8/rack/handler/mongrel.rb:38:in `run'

Rendering rescues/layout (not_found)
  [4;36;1mSQL (0.1ms)[0m   [0;1mSET NAMES 'utf8'[0m
  [4;35;1mSQL (0.1ms)[0m   [0mSET SQL_AUTO_IS_NULL=0[0m


Processing UserController#login (for 127.0.0.1 at 2011-12-27 16:00:33) [GET]
Rendering user/login
Rendered home/_main_header (0.2ms)
Completed in 3ms (View: 1, DB: 0) | 200 OK [http://localhost/user/login]
  [4;36;1mSQL (0.1ms)[0m   [0;1mSET NAMES 'utf8'[0m
  [4;35;1mSQL (0.1ms)[0m   [0mSET SQL_AUTO_IS_NULL=0[0m


Processing ApplicationController#index (for 127.0.0.1 at 2011-12-27 16:00:33) [GET]

ActionController::RoutingError (No route matches "/images/bg.gif" with {:method=>:get}):
  /usr/lib/ruby/1.8/action_controller/routing/recognition_optimisation.rb:66:in `recognize_path'
  /usr/lib/ruby/1.8/action_controller/routing/route_set.rb:441:in `recognize'
  /usr/lib/ruby/1.8/action_controller/routing/route_set.rb:436:in `call'
  /usr/lib/ruby/1.8/action_controller/dispatcher.rb:87:in `dispatch'
  /usr/lib/ruby/1.8/action_controller/dispatcher.rb:121:in `_call'
  /usr/lib/ruby/1.8/action_controller/dispatcher.rb:130:in `build_middleware_stack'
  /usr/lib/ruby/1.8/active_record/query_cache.rb:29:in `call'
  /usr/lib/ruby/1.8/active_record/query_cache.rb:29:in `call'
  /usr/lib/ruby/1.8/active_record/connection_adapters/abstract/query_cache.rb:34:in `cache'
  /usr/lib/ruby/1.8/active_record/query_cache.rb:9:in `cache'
  /usr/lib/ruby/1.8/active_record/query_cache.rb:28:in `call'
  /usr/lib/ruby/1.8/active_record/connection_adapters/abstract/connection_pool.rb:361:in `call'
  /usr/lib/ruby/1.8/action_controller/string_coercion.rb:25:in `call'
  /usr/lib/ruby/1.8/rack/head.rb:9:in `call'
  /usr/lib/ruby/1.8/rack/methodoverride.rb:24:in `call'
  /usr/lib/ruby/1.8/action_controller/params_parser.rb:15:in `call'
  /usr/lib/ruby/1.8/action_controller/session/cookie_store.rb:93:in `call'
  /usr/lib/ruby/1.8/action_controller/failsafe.rb:26:in `call'
  /usr/lib/ruby/1.8/rack/lock.rb:11:in `call'
  /usr/lib/ruby/1.8/rack/lock.rb:11:in `synchronize'
  /usr/lib/ruby/1.8/rack/lock.rb:11:in `call'
  /usr/lib/ruby/1.8/action_controller/dispatcher.rb:114:in `call'
  /usr/lib/ruby/1.8/action_controller/reloader.rb:34:in `run'
  /usr/lib/ruby/1.8/action_controller/dispatcher.rb:108:in `call'
  /usr/lib/ruby/1.8/rack/urlmap.rb:47:in `call'
  /usr/lib/ruby/1.8/rack/urlmap.rb:41:in `each'
  /usr/lib/ruby/1.8/rack/urlmap.rb:41:in `call'
  /usr/lib/ruby/1.8/rack/content_length.rb:13:in `call'
  /usr/lib/ruby/1.8/rack/chunked.rb:15:in `call'
  /usr/lib/ruby/1.8/rack/handler/mongrel.rb:67:in `process'
  /usr/lib/ruby/1.8/rack/handler/mongrel.rb:38:in `run'

Rendering rescues/layout (not_found)
  [4;36;1mSQL (0.1ms)[0m   [0;1mSET NAMES 'utf8'[0m
  [4;35;1mSQL (0.1ms)[0m   [0mSET SQL_AUTO_IS_NULL=0[0m


Processing UserController#login (for 127.0.0.1 at 2011-12-27 16:01:30) [GET]
Rendering user/login
Rendered home/_main_header (0.2ms)
Completed in 2ms (View: 1, DB: 0) | 200 OK [http://localhost/user/login]
  [4;36;1mSQL (0.1ms)[0m   [0;1mSET NAMES 'utf8'[0m
  [4;35;1mSQL (0.1ms)[0m   [0mSET SQL_AUTO_IS_NULL=0[0m


Processing UserController#login (for 127.0.0.1 at 2011-12-27 16:01:46) [GET]
Rendering user/login
Rendered home/_main_header (0.2ms)
Completed in 3ms (View: 2, DB: 0) | 200 OK [http://localhost/user/login]
  [4;36;1mSQL (0.1ms)[0m   [0;1mSET NAMES 'utf8'[0m
  [4;35;1mSQL (0.1ms)[0m   [0mSET SQL_AUTO_IS_NULL=0[0m


Processing UserController#login (for 127.0.0.1 at 2011-12-27 16:02:53) [GET]
Rendering user/login
Rendered home/_main_header (0.2ms)
Completed in 3ms (View: 2, DB: 0) | 200 OK [http://localhost/user/login]
  [4;36;1mSQL (0.1ms)[0m   [0;1mSET NAMES 'utf8'[0m
  [4;35;1mSQL (0.1ms)[0m   [0mSET SQL_AUTO_IS_NULL=0[0m


Processing UserController#login (for 127.0.0.1 at 2011-12-27 16:05:35) [GET]
Rendering user/login
Rendered home/_main_header (0.2ms)
Completed in 2ms (View: 1, DB: 0) | 200 OK [http://localhost/user/login]
  [4;36;1mSQL (0.1ms)[0m   [0;1mSET NAMES 'utf8'[0m
  [4;35;1mSQL (0.1ms)[0m   [0mSET SQL_AUTO_IS_NULL=0[0m


Processing UserController#login (for 127.0.0.1 at 2011-12-27 16:05:47) [GET]
Rendering user/login
Rendered home/_main_header (0.2ms)
Completed in 2ms (View: 1, DB: 0) | 200 OK [http://localhost/user/login]
  [4;36;1mSQL (0.1ms)[0m   [0;1mSET NAMES 'utf8'[0m
  [4;35;1mSQL (0.1ms)[0m   [0mSET SQL_AUTO_IS_NULL=0[0m


Processing UserController#login (for 127.0.0.1 at 2011-12-27 16:06:41) [GET]
Rendering user/login
Rendered home/_main_header (0.2ms)
Completed in 6ms (View: 5, DB: 0) | 200 OK [http://localhost/user/login]
  [4;36;1mSQL (0.2ms)[0m   [0;1mSET NAMES 'utf8'[0m
  [4;35;1mSQL (0.1ms)[0m   [0mSET SQL_AUTO_IS_NULL=0[0m


Processing UserController#login (for 127.0.0.1 at 2011-12-27 16:07:09) [GET]
Rendering user/login
Rendered home/_main_header (0.3ms)
Completed in 3ms (View: 2, DB: 0) | 200 OK [http://localhost/user/login]
  [4;36;1mSQL (0.1ms)[0m   [0;1mSET NAMES 'utf8'[0m
  [4;35;1mSQL (0.1ms)[0m   [0mSET SQL_AUTO_IS_NULL=0[0m


Processing UserController#login (for 127.0.0.1 at 2011-12-27 16:07:37) [GET]
Rendering user/login
Rendered home/_main_header (0.3ms)
Completed in 3ms (View: 1, DB: 0) | 200 OK [http://localhost/user/login]
  [4;36;1mSQL (0.1ms)[0m   [0;1mSET NAMES 'utf8'[0m
  [4;35;1mSQL (0.1ms)[0m   [0mSET SQL_AUTO_IS_NULL=0[0m


Processing UserController#login (for 127.0.0.1 at 2011-12-27 16:09:45) [GET]
Rendering user/login
Rendered home/_main_header (0.2ms)
Completed in 14ms (View: 13, DB: 0) | 200 OK [http://localhost/user/login]
  [4;36;1mSQL (0.1ms)[0m   [0;1mSET NAMES 'utf8'[0m
  [4;35;1mSQL (0.1ms)[0m   [0mSET SQL_AUTO_IS_NULL=0[0m


Processing ApplicationController#index (for 127.0.0.1 at 2011-12-27 16:09:45) [GET]

ActionController::RoutingError (No route matches "/images/key.png" with {:method=>:get}):
  /usr/lib/ruby/1.8/action_controller/routing/recognition_optimisation.rb:66:in `recognize_path'
  /usr/lib/ruby/1.8/action_controller/routing/route_set.rb:441:in `recognize'
  /usr/lib/ruby/1.8/action_controller/routing/route_set.rb:436:in `call'
  /usr/lib/ruby/1.8/action_controller/dispatcher.rb:87:in `dispatch'
  /usr/lib/ruby/1.8/action_controller/dispatcher.rb:121:in `_call'
  /usr/lib/ruby/1.8/action_controller/dispatcher.rb:130:in `build_middleware_stack'
  /usr/lib/ruby/1.8/active_record/query_cache.rb:29:in `call'
  /usr/lib/ruby/1.8/active_record/query_cache.rb:29:in `call'
  /usr/lib/ruby/1.8/active_record/connection_adapters/abstract/query_cache.rb:34:in `cache'
  /usr/lib/ruby/1.8/active_record/query_cache.rb:9:in `cache'
  /usr/lib/ruby/1.8/active_record/query_cache.rb:28:in `call'
  /usr/lib/ruby/1.8/active_record/connection_adapters/abstract/connection_pool.rb:361:in `call'
  /usr/lib/ruby/1.8/action_controller/string_coercion.rb:25:in `call'
  /usr/lib/ruby/1.8/rack/head.rb:9:in `call'
  /usr/lib/ruby/1.8/rack/methodoverride.rb:24:in `call'
  /usr/lib/ruby/1.8/action_controller/params_parser.rb:15:in `call'
  /usr/lib/ruby/1.8/action_controller/session/cookie_store.rb:93:in `call'
  /usr/lib/ruby/1.8/action_controller/failsafe.rb:26:in `call'
  /usr/lib/ruby/1.8/rack/lock.rb:11:in `call'
  /usr/lib/ruby/1.8/rack/lock.rb:11:in `synchronize'
  /usr/lib/ruby/1.8/rack/lock.rb:11:in `call'
  /usr/lib/ruby/1.8/action_controller/dispatcher.rb:114:in `call'
  /usr/lib/ruby/1.8/action_controller/reloader.rb:34:in `run'
  /usr/lib/ruby/1.8/action_controller/dispatcher.rb:108:in `call'
  /usr/lib/ruby/1.8/rack/urlmap.rb:47:in `call'
  /usr/lib/ruby/1.8/rack/urlmap.rb:41:in `each'
  /usr/lib/ruby/1.8/rack/urlmap.rb:41:in `call'
  /usr/lib/ruby/1.8/rack/content_length.rb:13:in `call'
  /usr/lib/ruby/1.8/rack/chunked.rb:15:in `call'
  /usr/lib/ruby/1.8/rack/handler/mongrel.rb:67:in `process'
  /usr/lib/ruby/1.8/rack/handler/mongrel.rb:38:in `run'

Rendering rescues/layout (not_found)
  [4;36;1mSQL (0.2ms)[0m   [0;1mSET NAMES 'utf8'[0m
  [4;35;1mSQL (0.1ms)[0m   [0mSET SQL_AUTO_IS_NULL=0[0m


Processing UserController#login (for 127.0.0.1 at 2011-12-27 16:10:22) [GET]
Rendering user/login
Rendered home/_main_header (0.3ms)
Completed in 8ms (View: 6, DB: 0) | 200 OK [http://localhost/user/login]
  [4;36;1mSQL (0.1ms)[0m   [0;1mSET NAMES 'utf8'[0m
  [4;35;1mSQL (0.1ms)[0m   [0mSET SQL_AUTO_IS_NULL=0[0m


Processing UserController#login (for 127.0.0.1 at 2011-12-27 16:11:12) [GET]
Rendering user/login
Rendered home/_main_header (0.2ms)
Completed in 6ms (View: 4, DB: 0) | 200 OK [http://localhost/user/login]
  [4;36;1mSQL (0.1ms)[0m   [0;1mSET NAMES 'utf8'[0m
  [4;35;1mSQL (0.1ms)[0m   [0mSET SQL_AUTO_IS_NULL=0[0m


Processing UserController#login (for 127.0.0.1 at 2011-12-27 16:13:07) [GET]
Rendering user/login
Rendered home/_main_header (0.2ms)
Completed in 6ms (View: 4, DB: 0) | 200 OK [http://localhost/user/login]
  [4;36;1mSQL (0.1ms)[0m   [0;1mSET NAMES 'utf8'[0m
  [4;35;1mSQL (0.1ms)[0m   [0mSET SQL_AUTO_IS_NULL=0[0m


Processing UserController#login (for 127.0.0.1 at 2011-12-27 16:13:58) [GET]
Rendering user/login
Rendered home/_main_header (0.2ms)
Completed in 6ms (View: 2, DB: 0) | 200 OK [http://localhost/user/login]
  [4;36;1mSQL (0.1ms)[0m   [0;1mSET NAMES 'utf8'[0m
  [4;35;1mSQL (0.1ms)[0m   [0mSET SQL_AUTO_IS_NULL=0[0m


Processing UserController#login (for 127.0.0.1 at 2011-12-27 16:15:04) [GET]
Rendering user/login
Rendered home/_main_header (0.2ms)
Completed in 3ms (View: 2, DB: 0) | 200 OK [http://localhost/user/login]
  [4;36;1mSQL (0.1ms)[0m   [0;1mSET NAMES 'utf8'[0m
  [4;35;1mSQL (0.1ms)[0m   [0mSET SQL_AUTO_IS_NULL=0[0m


Processing UserController#login (for 127.0.0.1 at 2011-12-27 16:16:18) [GET]
Rendering user/login
Rendered home/_main_header (0.2ms)
Completed in 3ms (View: 1, DB: 0) | 200 OK [http://localhost/user/login]
  [4;36;1mSQL (0.1ms)[0m   [0;1mSET NAMES 'utf8'[0m
  [4;35;1mSQL (0.1ms)[0m   [0mSET SQL_AUTO_IS_NULL=0[0m


Processing UserController#login (for 127.0.0.1 at 2011-12-27 16:17:45) [GET]
Rendering user/login
Rendered home/_main_header (0.3ms)
Completed in 47ms (View: 45, DB: 0) | 200 OK [http://localhost/user/login]
  [4;36;1mSQL (0.1ms)[0m   [0;1mSET NAMES 'utf8'[0m
  [4;35;1mSQL (0.1ms)[0m   [0mSET SQL_AUTO_IS_NULL=0[0m


Processing UserController#login (for 127.0.0.1 at 2011-12-27 16:18:03) [GET]
Rendering user/login
Rendered home/_main_header (0.2ms)
Completed in 3ms (View: 2, DB: 0) | 200 OK [http://localhost/user/login]
  [4;36;1mSQL (0.1ms)[0m   [0;1mSET NAMES 'utf8'[0m
  [4;35;1mSQL (0.1ms)[0m   [0mSET SQL_AUTO_IS_NULL=0[0m


Processing UserController#login (for 127.0.0.1 at 2011-12-27 16:18:14) [GET]
Rendering user/login
Rendered home/_main_header (0.3ms)
Completed in 4ms (View: 2, DB: 0) | 200 OK [http://localhost/user/login]
  [4;36;1mSQL (0.1ms)[0m   [0;1mSET NAMES 'utf8'[0m
  [4;35;1mSQL (0.1ms)[0m   [0mSET SQL_AUTO_IS_NULL=0[0m


Processing UserController#login (for 127.0.0.1 at 2011-12-27 16:18:53) [GET]
Rendering user/login
Rendered home/_main_header (0.2ms)
Completed in 3ms (View: 1, DB: 0) | 200 OK [http://localhost/user/login]
  [4;36;1mSQL (0.1ms)[0m   [0;1mSET NAMES 'utf8'[0m
  [4;35;1mSQL (0.1ms)[0m   [0mSET SQL_AUTO_IS_NULL=0[0m


Processing UserController#login (for 127.0.0.1 at 2011-12-27 16:19:47) [GET]
Rendering user/login
Rendered home/_main_header (0.2ms)
Completed in 3ms (View: 1, DB: 0) | 200 OK [http://localhost/user/login]
  [4;36;1mSQL (0.1ms)[0m   [0;1mSET NAMES 'utf8'[0m
  [4;35;1mSQL (0.1ms)[0m   [0mSET SQL_AUTO_IS_NULL=0[0m


Processing UserController#login (for 127.0.0.1 at 2011-12-27 16:20:18) [GET]
Rendering user/login
Rendered home/_main_header (0.2ms)
Completed in 4ms (View: 2, DB: 0) | 200 OK [http://localhost/user/login]
  [4;36;1mSQL (0.1ms)[0m   [0;1mSET NAMES 'utf8'[0m
  [4;35;1mSQL (0.1ms)[0m   [0mSET SQL_AUTO_IS_NULL=0[0m


Processing UserController#login (for 127.0.0.1 at 2011-12-27 16:20:30) [GET]
Rendering user/login
Rendered home/_main_header (0.2ms)
Completed in 3ms (View: 1, DB: 0) | 200 OK [http://localhost/user/login]
  [4;36;1mSQL (0.1ms)[0m   [0;1mSET NAMES 'utf8'[0m
  [4;35;1mSQL (0.1ms)[0m   [0mSET SQL_AUTO_IS_NULL=0[0m


Processing UserController#login (for 127.0.0.1 at 2011-12-27 16:21:16) [GET]
Rendering user/login
Rendered home/_main_header (0.2ms)
Completed in 7ms (View: 6, DB: 0) | 200 OK [http://localhost/user/login]
  [4;36;1mSQL (0.1ms)[0m   [0;1mSET NAMES 'utf8'[0m
  [4;35;1mSQL (0.1ms)[0m   [0mSET SQL_AUTO_IS_NULL=0[0m


Processing UserController#login (for 127.0.0.1 at 2011-12-27 16:23:15) [GET]
Rendering user/login
Rendered home/_main_header (0.2ms)
Completed in 5ms (View: 4, DB: 0) | 200 OK [http://localhost/user/login]
  [4;36;1mSQL (0.1ms)[0m   [0;1mSET NAMES 'utf8'[0m
  [4;35;1mSQL (0.1ms)[0m   [0mSET SQL_AUTO_IS_NULL=0[0m


Processing UserController#login (for 127.0.0.1 at 2011-12-27 16:24:35) [GET]
Rendering user/login
Rendered home/_main_header (0.2ms)
Completed in 50ms (View: 49, DB: 0) | 200 OK [http://localhost/user/login]
  [4;36;1mSQL (0.1ms)[0m   [0;1mSET NAMES 'utf8'[0m
  [4;35;1mSQL (0.1ms)[0m   [0mSET SQL_AUTO_IS_NULL=0[0m


Processing UserController#login (for 127.0.0.1 at 2011-12-27 16:27:27) [GET]
Rendering user/login
Rendered home/_main_header (0.2ms)
Completed in 6ms (View: 5, DB: 0) | 200 OK [http://localhost/user/login]
  [4;36;1mSQL (0.1ms)[0m   [0;1mSET NAMES 'utf8'[0m
  [4;35;1mSQL (0.1ms)[0m   [0mSET SQL_AUTO_IS_NULL=0[0m


Processing UserController#login (for 127.0.0.1 at 2011-12-27 16:27:44) [GET]
Rendering user/login
Rendered home/_main_header (0.3ms)
Completed in 3ms (View: 2, DB: 0) | 200 OK [http://localhost/user/login]
  [4;36;1mSQL (0.1ms)[0m   [0;1mSET NAMES 'utf8'[0m
  [4;35;1mSQL (0.1ms)[0m   [0mSET SQL_AUTO_IS_NULL=0[0m


Processing UserController#login (for 127.0.0.1 at 2011-12-27 16:27:57) [GET]
Rendering user/login
Rendered home/_main_header (0.2ms)
Completed in 5ms (View: 2, DB: 0) | 200 OK [http://localhost/user/login]
  [4;36;1mSQL (0.1ms)[0m   [0;1mSET NAMES 'utf8'[0m
  [4;35;1mSQL (0.1ms)[0m   [0mSET SQL_AUTO_IS_NULL=0[0m


Processing UserController#login (for 127.0.0.1 at 2011-12-27 16:28:45) [GET]
Rendering user/login
Rendered home/_main_header (0.2ms)
Completed in 3ms (View: 2, DB: 0) | 200 OK [http://localhost/user/login]
  [4;36;1mSQL (0.1ms)[0m   [0;1mSET NAMES 'utf8'[0m
  [4;35;1mSQL (0.1ms)[0m   [0mSET SQL_AUTO_IS_NULL=0[0m


Processing UserController#login (for 127.0.0.1 at 2011-12-27 16:31:30) [GET]
Rendering user/login
Rendered home/_main_header (0.2ms)
Completed in 8ms (View: 7, DB: 0) | 200 OK [http://localhost/user/login]
  [4;36;1mSQL (0.1ms)[0m   [0;1mSET NAMES 'utf8'[0m
  [4;35;1mSQL (0.1ms)[0m   [0mSET SQL_AUTO_IS_NULL=0[0m


Processing UserController#login (for 127.0.0.1 at 2011-12-27 16:33:24) [GET]
Rendering user/login
Rendered home/_main_header (0.2ms)
Completed in 7ms (View: 6, DB: 0) | 200 OK [http://localhost/user/login]
  [4;36;1mSQL (0.1ms)[0m   [0;1mSET NAMES 'utf8'[0m
  [4;35;1mSQL (0.1ms)[0m   [0mSET SQL_AUTO_IS_NULL=0[0m


Processing UserController#login (for 127.0.0.1 at 2011-12-27 16:33:35) [GET]
Rendering user/login
Rendered home/_main_header (0.2ms)
Completed in 6ms (View: 5, DB: 0) | 200 OK [http://localhost/user/login]
  [4;36;1mSQL (0.1ms)[0m   [0;1mSET NAMES 'utf8'[0m
  [4;35;1mSQL (0.1ms)[0m   [0mSET SQL_AUTO_IS_NULL=0[0m


Processing UserController#login (for 127.0.0.1 at 2011-12-27 16:34:11) [GET]
Rendering user/login
Rendered home/_main_header (0.2ms)
Completed in 6ms (View: 5, DB: 0) | 200 OK [http://localhost/user/login]
  [4;36;1mSQL (0.1ms)[0m   [0;1mSET NAMES 'utf8'[0m
  [4;35;1mSQL (0.1ms)[0m   [0mSET SQL_AUTO_IS_NULL=0[0m


Processing UserController#login (for 127.0.0.1 at 2011-12-27 16:34:30) [GET]
Rendering user/login
Rendered home/_main_header (0.2ms)
Completed in 7ms (View: 6, DB: 0) | 200 OK [http://localhost/user/login]
  [4;36;1mSQL (0.1ms)[0m   [0;1mSET NAMES 'utf8'[0m
  [4;35;1mSQL (0.1ms)[0m   [0mSET SQL_AUTO_IS_NULL=0[0m


Processing UserController#login (for 127.0.0.1 at 2011-12-27 16:36:51) [GET]
Rendering user/login
Rendered home/_main_header (0.2ms)
Completed in 8ms (View: 6, DB: 0) | 200 OK [http://localhost/user/login]
  [4;36;1mSQL (0.1ms)[0m   [0;1mSET NAMES 'utf8'[0m
  [4;35;1mSQL (0.1ms)[0m   [0mSET SQL_AUTO_IS_NULL=0[0m


Processing UserController#login (for 127.0.0.1 at 2011-12-27 16:38:13) [GET]
Rendering user/login
Rendered home/_main_header (0.2ms)
Completed in 9ms (View: 7, DB: 0) | 200 OK [http://localhost/user/login]
  [4;36;1mSQL (0.1ms)[0m   [0;1mSET NAMES 'utf8'[0m
  [4;35;1mSQL (0.1ms)[0m   [0mSET SQL_AUTO_IS_NULL=0[0m


Processing UserController#login (for 127.0.0.1 at 2011-12-27 16:38:27) [GET]
Rendering user/login
Rendered home/_main_header (0.2ms)
Completed in 7ms (View: 5, DB: 0) | 200 OK [http://localhost/user/login]
  [4;36;1mSQL (0.1ms)[0m   [0;1mSET NAMES 'utf8'[0m
  [4;35;1mSQL (0.1ms)[0m   [0mSET SQL_AUTO_IS_NULL=0[0m


Processing UserController#login (for 127.0.0.1 at 2011-12-27 16:38:55) [GET]
Rendering user/login
Rendered home/_main_header (0.2ms)
Completed in 7ms (View: 5, DB: 0) | 200 OK [http://localhost/user/login]
  [4;36;1mSQL (0.1ms)[0m   [0;1mSET NAMES 'utf8'[0m
  [4;35;1mSQL (0.1ms)[0m   [0mSET SQL_AUTO_IS_NULL=0[0m


Processing UserController#login (for 127.0.0.1 at 2011-12-27 16:39:21) [GET]
Rendering user/login
Rendered home/_main_header (0.2ms)
Completed in 7ms (View: 5, DB: 0) | 200 OK [http://localhost/user/login]
  [4;36;1mSQL (0.1ms)[0m   [0;1mSET NAMES 'utf8'[0m
  [4;35;1mSQL (0.1ms)[0m   [0mSET SQL_AUTO_IS_NULL=0[0m


Processing UserController#login (for 127.0.0.1 at 2011-12-27 16:40:12) [GET]
Rendering user/login
Rendered home/_main_header (0.2ms)
Completed in 7ms (View: 5, DB: 0) | 200 OK [http://localhost/user/login]
  [4;36;1mSQL (0.1ms)[0m   [0;1mSET NAMES 'utf8'[0m
  [4;35;1mSQL (0.1ms)[0m   [0mSET SQL_AUTO_IS_NULL=0[0m


Processing UserController#login (for 127.0.0.1 at 2011-12-27 16:40:20) [GET]
Rendering user/login
Rendered home/_main_header (0.2ms)
Completed in 7ms (View: 6, DB: 0) | 200 OK [http://localhost/user/login]
  [4;36;1mSQL (0.1ms)[0m   [0;1mSET NAMES 'utf8'[0m
  [4;35;1mSQL (0.1ms)[0m   [0mSET SQL_AUTO_IS_NULL=0[0m


Processing UserController#login (for 127.0.0.1 at 2011-12-27 16:40:28) [POST]
  Parameters: {"commit"=>"Submit", "user"=>{"username"=>"admin", "password"=>"testdd"}}
Rendering user/login
Rendered home/_main_header (0.2ms)
Completed in 52ms (View: 2, DB: 0) | 200 OK [http://localhost/user/login]
  [4;36;1mSQL (0.1ms)[0m   [0;1mSET NAMES 'utf8'[0m
  [4;35;1mSQL (0.1ms)[0m   [0mSET SQL_AUTO_IS_NULL=0[0m


Processing UserController#login (for 127.0.0.1 at 2011-12-27 16:40:30) [POST]
  Parameters: {"commit"=>"Submit", "user"=>{"username"=>"admin", "password"=>"testdd"}}
Rendering user/login
Rendered home/_main_header (0.2ms)
Completed in 5ms (View: 3, DB: 0) | 200 OK [http://localhost/user/login]
  [4;36;1mSQL (0.1ms)[0m   [0;1mSET NAMES 'utf8'[0m
  [4;35;1mSQL (0.1ms)[0m   [0mSET SQL_AUTO_IS_NULL=0[0m


Processing UserController#login (for 127.0.0.1 at 2011-12-27 16:40:33) [POST]
  Parameters: {"commit"=>"Submit", "user"=>{"username"=>"admin", "password"=>"testdd"}}
Rendering user/login
Rendered home/_main_header (0.2ms)
Completed in 4ms (View: 2, DB: 0) | 200 OK [http://localhost/user/login]
  [4;36;1mSQL (0.1ms)[0m   [0;1mSET NAMES 'utf8'[0m
  [4;35;1mSQL (0.1ms)[0m   [0mSET SQL_AUTO_IS_NULL=0[0m


Processing UserController#login (for 127.0.0.1 at 2011-12-27 16:40:42) [POST]
  Parameters: {"commit"=>"Submit", "user"=>{"username"=>"admin", "password"=>"test"}}
Rendering user/login
Rendered home/_main_header (0.2ms)
Completed in 4ms (View: 2, DB: 0) | 200 OK [http://localhost/user/login]
  [4;36;1mSQL (0.2ms)[0m   [0;1mSET NAMES 'utf8'[0m
  [4;35;1mSQL (0.2ms)[0m   [0mSET SQL_AUTO_IS_NULL=0[0m


Processing UserController#login (for 127.0.0.1 at 2011-12-27 16:40:49) [POST]
  Parameters: {"commit"=>"Submit", "user"=>{"username"=>"admin", "password"=>"testdd"}}
Rendering user/login
Rendered home/_main_header (0.4ms)
Completed in 5ms (View: 3, DB: 0) | 200 OK [http://localhost/user/login]
  [4;36;1mSQL (0.2ms)[0m   [0;1mSET NAMES 'utf8'[0m
  [4;35;1mSQL (0.2ms)[0m   [0mSET SQL_AUTO_IS_NULL=0[0m


Processing UserController#login (for 127.0.0.1 at 2011-12-27 16:42:11) [POST]
  Parameters: {"commit"=>"Submit", "user"=>{"username"=>"admin", "password"=>"test"}}
Redirected to http://localhost:3000/home
Completed in 2ms (DB: 0) | 302 Found [http://localhost/user/login]
  [4;36;1mSQL (0.1ms)[0m   [0;1mSET NAMES 'utf8'[0m
  [4;35;1mSQL (0.1ms)[0m   [0mSET SQL_AUTO_IS_NULL=0[0m


Processing HomeController#index (for 127.0.0.1 at 2011-12-27 16:42:11) [GET]
Redirected to http://localhost:3000/user/login
Filter chain halted as [:authorize] rendered_or_redirected.
Completed in 1ms (DB: 0) | 302 Found [http://localhost/home]
  [4;36;1mSQL (0.1ms)[0m   [0;1mSET NAMES 'utf8'[0m
  [4;35;1mSQL (0.1ms)[0m   [0mSET SQL_AUTO_IS_NULL=0[0m


Processing UserController#login (for 127.0.0.1 at 2011-12-27 16:42:11) [GET]
Redirected to http://localhost:3000/home
Completed in 1ms (DB: 0) | 302 Found [http://localhost/user/login]
  [4;36;1mSQL (0.1ms)[0m   [0;1mSET NAMES 'utf8'[0m
  [4;35;1mSQL (0.1ms)[0m   [0mSET SQL_AUTO_IS_NULL=0[0m


Processing HomeController#index (for 127.0.0.1 at 2011-12-27 16:42:11) [GET]
Redirected to http://localhost:3000/user/login
Filter chain halted as [:authorize] rendered_or_redirected.
Completed in 1ms (DB: 0) | 302 Found [http://localhost/home]
  [4;36;1mSQL (0.1ms)[0m   [0;1mSET NAMES 'utf8'[0m
  [4;35;1mSQL (0.1ms)[0m   [0mSET SQL_AUTO_IS_NULL=0[0m


Processing UserController#login (for 127.0.0.1 at 2011-12-27 16:42:12) [GET]
Redirected to http://localhost:3000/home
Completed in 1ms (DB: 0) | 302 Found [http://localhost/user/login]
  [4;36;1mSQL (0.1ms)[0m   [0;1mSET NAMES 'utf8'[0m
  [4;35;1mSQL (0.1ms)[0m   [0mSET SQL_AUTO_IS_NULL=0[0m


Processing HomeController#index (for 127.0.0.1 at 2011-12-27 16:42:12) [GET]
Redirected to http://localhost:3000/user/login
Filter chain halted as [:authorize] rendered_or_redirected.
Completed in 1ms (DB: 0) | 302 Found [http://localhost/home]
  [4;36;1mSQL (0.1ms)[0m   [0;1mSET NAMES 'utf8'[0m
  [4;35;1mSQL (0.1ms)[0m   [0mSET SQL_AUTO_IS_NULL=0[0m


Processing UserController#login (for 127.0.0.1 at 2011-12-27 16:42:12) [GET]
Redirected to http://localhost:3000/home
Completed in 2ms (DB: 0) | 302 Found [http://localhost/user/login]
  [4;36;1mSQL (0.1ms)[0m   [0;1mSET NAMES 'utf8'[0m
  [4;35;1mSQL (0.1ms)[0m   [0mSET SQL_AUTO_IS_NULL=0[0m


Processing HomeController#index (for 127.0.0.1 at 2011-12-27 16:42:12) [GET]
Redirected to http://localhost:3000/user/login
Filter chain halted as [:authorize] rendered_or_redirected.
Completed in 1ms (DB: 0) | 302 Found [http://localhost/home]
  [4;36;1mSQL (0.1ms)[0m   [0;1mSET NAMES 'utf8'[0m
  [4;35;1mSQL (0.1ms)[0m   [0mSET SQL_AUTO_IS_NULL=0[0m


Processing UserController#login (for 127.0.0.1 at 2011-12-27 16:42:12) [GET]
Redirected to http://localhost:3000/home
Completed in 2ms (DB: 0) | 302 Found [http://localhost/user/login]
  [4;36;1mSQL (0.1ms)[0m   [0;1mSET NAMES 'utf8'[0m
  [4;35;1mSQL (0.1ms)[0m   [0mSET SQL_AUTO_IS_NULL=0[0m


Processing HomeController#index (for 127.0.0.1 at 2011-12-27 16:42:12) [GET]
Redirected to http://localhost:3000/user/login
Filter chain halted as [:authorize] rendered_or_redirected.
Completed in 1ms (DB: 0) | 302 Found [http://localhost/home]
  [4;36;1mSQL (0.1ms)[0m   [0;1mSET NAMES 'utf8'[0m
  [4;35;1mSQL (0.1ms)[0m   [0mSET SQL_AUTO_IS_NULL=0[0m


Processing UserController#login (for 127.0.0.1 at 2011-12-27 16:42:12) [GET]
Redirected to http://localhost:3000/home
Completed in 1ms (DB: 0) | 302 Found [http://localhost/user/login]
  [4;36;1mSQL (0.1ms)[0m   [0;1mSET NAMES 'utf8'[0m
  [4;35;1mSQL (0.1ms)[0m   [0mSET SQL_AUTO_IS_NULL=0[0m


Processing HomeController#index (for 127.0.0.1 at 2011-12-27 16:42:12) [GET]
Redirected to http://localhost:3000/user/login
Filter chain halted as [:authorize] rendered_or_redirected.
Completed in 1ms (DB: 0) | 302 Found [http://localhost/home]
  [4;36;1mSQL (0.1ms)[0m   [0;1mSET NAMES 'utf8'[0m
  [4;35;1mSQL (0.1ms)[0m   [0mSET SQL_AUTO_IS_NULL=0[0m


Processing UserController#login (for 127.0.0.1 at 2011-12-27 16:42:12) [GET]
Redirected to http://localhost:3000/home
Completed in 2ms (DB: 0) | 302 Found [http://localhost/user/login]
  [4;36;1mSQL (0.1ms)[0m   [0;1mSET NAMES 'utf8'[0m
  [4;35;1mSQL (0.1ms)[0m   [0mSET SQL_AUTO_IS_NULL=0[0m


Processing HomeController#index (for 127.0.0.1 at 2011-12-27 16:42:12) [GET]
Redirected to http://localhost:3000/user/login
Filter chain halted as [:authorize] rendered_or_redirected.
Completed in 1ms (DB: 0) | 302 Found [http://localhost/home]
  [4;36;1mSQL (0.1ms)[0m   [0;1mSET NAMES 'utf8'[0m
  [4;35;1mSQL (0.1ms)[0m   [0mSET SQL_AUTO_IS_NULL=0[0m


Processing UserController#login (for 127.0.0.1 at 2011-12-27 16:42:12) [GET]
Redirected to http://localhost:3000/home
Completed in 1ms (DB: 0) | 302 Found [http://localhost/user/login]
  [4;36;1mSQL (0.1ms)[0m   [0;1mSET NAMES 'utf8'[0m
  [4;35;1mSQL (0.1ms)[0m   [0mSET SQL_AUTO_IS_NULL=0[0m


Processing HomeController#index (for 127.0.0.1 at 2011-12-27 16:42:12) [GET]
Redirected to http://localhost:3000/user/login
Filter chain halted as [:authorize] rendered_or_redirected.
Completed in 1ms (DB: 0) | 302 Found [http://localhost/home]
  [4;36;1mSQL (0.1ms)[0m   [0;1mSET NAMES 'utf8'[0m
  [4;35;1mSQL (0.1ms)[0m   [0mSET SQL_AUTO_IS_NULL=0[0m


Processing UserController#login (for 127.0.0.1 at 2011-12-27 16:42:12) [GET]
Redirected to http://localhost:3000/home
Completed in 3ms (DB: 0) | 302 Found [http://localhost/user/login]
  [4;36;1mSQL (0.1ms)[0m   [0;1mSET NAMES 'utf8'[0m
  [4;35;1mSQL (0.1ms)[0m   [0mSET SQL_AUTO_IS_NULL=0[0m


Processing HomeController#index (for 127.0.0.1 at 2011-12-27 16:42:12) [GET]
Redirected to http://localhost:3000/user/login
Filter chain halted as [:authorize] rendered_or_redirected.
Completed in 1ms (DB: 0) | 302 Found [http://localhost/home]
  [4;36;1mSQL (0.1ms)[0m   [0;1mSET NAMES 'utf8'[0m
  [4;35;1mSQL (0.1ms)[0m   [0mSET SQL_AUTO_IS_NULL=0[0m


Processing UserController#login (for 127.0.0.1 at 2011-12-27 16:42:12) [GET]
Redirected to http://localhost:3000/home
Completed in 1ms (DB: 0) | 302 Found [http://localhost/user/login]
  [4;36;1mSQL (0.1ms)[0m   [0;1mSET NAMES 'utf8'[0m
  [4;35;1mSQL (0.1ms)[0m   [0mSET SQL_AUTO_IS_NULL=0[0m


Processing HomeController#index (for 127.0.0.1 at 2011-12-27 16:42:12) [GET]
Redirected to http://localhost:3000/user/login
Filter chain halted as [:authorize] rendered_or_redirected.
Completed in 1ms (DB: 0) | 302 Found [http://localhost/home]
  [4;36;1mSQL (0.1ms)[0m   [0;1mSET NAMES 'utf8'[0m
  [4;35;1mSQL (0.1ms)[0m   [0mSET SQL_AUTO_IS_NULL=0[0m


Processing UserController#login (for 127.0.0.1 at 2011-12-27 16:42:12) [GET]
Redirected to http://localhost:3000/home
Completed in 1ms (DB: 0) | 302 Found [http://localhost/user/login]
  [4;36;1mSQL (0.1ms)[0m   [0;1mSET NAMES 'utf8'[0m
  [4;35;1mSQL (0.1ms)[0m   [0mSET SQL_AUTO_IS_NULL=0[0m


Processing UserController#login (for 127.0.0.1 at 2011-12-27 16:42:18) [GET]
Redirected to http://localhost:3000/home
Completed in 2ms (DB: 0) | 302 Found [http://localhost/user/login]
  [4;36;1mSQL (0.1ms)[0m   [0;1mSET NAMES 'utf8'[0m
  [4;35;1mSQL (0.1ms)[0m   [0mSET SQL_AUTO_IS_NULL=0[0m


Processing HomeController#index (for 127.0.0.1 at 2011-12-27 16:42:18) [GET]
Redirected to http://localhost:3000/user/login
Filter chain halted as [:authorize] rendered_or_redirected.
Completed in 1ms (DB: 0) | 302 Found [http://localhost/home]
  [4;36;1mSQL (0.1ms)[0m   [0;1mSET NAMES 'utf8'[0m
  [4;35;1mSQL (0.1ms)[0m   [0mSET SQL_AUTO_IS_NULL=0[0m


Processing UserController#login (for 127.0.0.1 at 2011-12-27 16:42:18) [GET]
Redirected to http://localhost:3000/home
Completed in 1ms (DB: 0) | 302 Found [http://localhost/user/login]
  [4;36;1mSQL (0.1ms)[0m   [0;1mSET NAMES 'utf8'[0m
  [4;35;1mSQL (0.1ms)[0m   [0mSET SQL_AUTO_IS_NULL=0[0m


Processing HomeController#index (for 127.0.0.1 at 2011-12-27 16:42:18) [GET]
Redirected to http://localhost:3000/user/login
Filter chain halted as [:authorize] rendered_or_redirected.
Completed in 1ms (DB: 0) | 302 Found [http://localhost/home]
  [4;36;1mSQL (0.2ms)[0m   [0;1mSET NAMES 'utf8'[0m
  [4;35;1mSQL (0.2ms)[0m   [0mSET SQL_AUTO_IS_NULL=0[0m


Processing UserController#login (for 127.0.0.1 at 2011-12-27 16:42:18) [GET]
Redirected to http://localhost:3000/home
Completed in 2ms (DB: 0) | 302 Found [http://localhost/user/login]
  [4;36;1mSQL (0.1ms)[0m   [0;1mSET NAMES 'utf8'[0m
  [4;35;1mSQL (0.1ms)[0m   [0mSET SQL_AUTO_IS_NULL=0[0m


Processing HomeController#index (for 127.0.0.1 at 2011-12-27 16:42:18) [GET]
Redirected to http://localhost:3000/user/login
Filter chain halted as [:authorize] rendered_or_redirected.
Completed in 1ms (DB: 0) | 302 Found [http://localhost/home]
  [4;36;1mSQL (0.1ms)[0m   [0;1mSET NAMES 'utf8'[0m
  [4;35;1mSQL (0.1ms)[0m   [0mSET SQL_AUTO_IS_NULL=0[0m


Processing UserController#login (for 127.0.0.1 at 2011-12-27 16:42:18) [GET]
Redirected to http://localhost:3000/home
Completed in 1ms (DB: 0) | 302 Found [http://localhost/user/login]
  [4;36;1mSQL (0.1ms)[0m   [0;1mSET NAMES 'utf8'[0m
  [4;35;1mSQL (0.1ms)[0m   [0mSET SQL_AUTO_IS_NULL=0[0m


Processing HomeController#index (for 127.0.0.1 at 2011-12-27 16:42:18) [GET]
Redirected to http://localhost:3000/user/login
Filter chain halted as [:authorize] rendered_or_redirected.
Completed in 1ms (DB: 0) | 302 Found [http://localhost/home]
  [4;36;1mSQL (0.1ms)[0m   [0;1mSET NAMES 'utf8'[0m
  [4;35;1mSQL (0.1ms)[0m   [0mSET SQL_AUTO_IS_NULL=0[0m


Processing UserController#login (for 127.0.0.1 at 2011-12-27 16:42:18) [GET]
Redirected to http://localhost:3000/home
Completed in 1ms (DB: 0) | 302 Found [http://localhost/user/login]
  [4;36;1mSQL (0.1ms)[0m   [0;1mSET NAMES 'utf8'[0m
  [4;35;1mSQL (0.1ms)[0m   [0mSET SQL_AUTO_IS_NULL=0[0m


Processing HomeController#index (for 127.0.0.1 at 2011-12-27 16:42:18) [GET]
Redirected to http://localhost:3000/user/login
Filter chain halted as [:authorize] rendered_or_redirected.
Completed in 1ms (DB: 0) | 302 Found [http://localhost/home]
  [4;36;1mSQL (0.1ms)[0m   [0;1mSET NAMES 'utf8'[0m
  [4;35;1mSQL (0.1ms)[0m   [0mSET SQL_AUTO_IS_NULL=0[0m


Processing UserController#login (for 127.0.0.1 at 2011-12-27 16:42:18) [GET]
Redirected to http://localhost:3000/home
Completed in 1ms (DB: 0) | 302 Found [http://localhost/user/login]
  [4;36;1mSQL (0.1ms)[0m   [0;1mSET NAMES 'utf8'[0m
  [4;35;1mSQL (0.1ms)[0m   [0mSET SQL_AUTO_IS_NULL=0[0m


Processing HomeController#index (for 127.0.0.1 at 2011-12-27 16:42:18) [GET]
Redirected to http://localhost:3000/user/login
Filter chain halted as [:authorize] rendered_or_redirected.
Completed in 1ms (DB: 0) | 302 Found [http://localhost/home]
  [4;36;1mSQL (0.1ms)[0m   [0;1mSET NAMES 'utf8'[0m
  [4;35;1mSQL (0.1ms)[0m   [0mSET SQL_AUTO_IS_NULL=0[0m


Processing UserController#login (for 127.0.0.1 at 2011-12-27 16:42:19) [GET]
Redirected to http://localhost:3000/home
Completed in 2ms (DB: 0) | 302 Found [http://localhost/user/login]
  [4;36;1mSQL (0.1ms)[0m   [0;1mSET NAMES 'utf8'[0m
  [4;35;1mSQL (0.1ms)[0m   [0mSET SQL_AUTO_IS_NULL=0[0m


Processing HomeController#index (for 127.0.0.1 at 2011-12-27 16:42:19) [GET]
Redirected to http://localhost:3000/user/login
Filter chain halted as [:authorize] rendered_or_redirected.
Completed in 1ms (DB: 0) | 302 Found [http://localhost/home]
  [4;36;1mSQL (0.1ms)[0m   [0;1mSET NAMES 'utf8'[0m
  [4;35;1mSQL (0.1ms)[0m   [0mSET SQL_AUTO_IS_NULL=0[0m


Processing UserController#login (for 127.0.0.1 at 2011-12-27 16:42:19) [GET]
Redirected to http://localhost:3000/home
Completed in 1ms (DB: 0) | 302 Found [http://localhost/user/login]
  [4;36;1mSQL (0.2ms)[0m   [0;1mSET NAMES 'utf8'[0m
  [4;35;1mSQL (0.2ms)[0m   [0mSET SQL_AUTO_IS_NULL=0[0m


Processing HomeController#index (for 127.0.0.1 at 2011-12-27 16:42:19) [GET]
Redirected to http://localhost:3000/user/login
Filter chain halted as [:authorize] rendered_or_redirected.
Completed in 1ms (DB: 0) | 302 Found [http://localhost/home]
  [4;36;1mSQL (0.1ms)[0m   [0;1mSET NAMES 'utf8'[0m
  [4;35;1mSQL (0.1ms)[0m   [0mSET SQL_AUTO_IS_NULL=0[0m


Processing UserController#login (for 127.0.0.1 at 2011-12-27 16:42:19) [GET]
Redirected to http://localhost:3000/home
Completed in 1ms (DB: 0) | 302 Found [http://localhost/user/login]
  [4;36;1mSQL (0.1ms)[0m   [0;1mSET NAMES 'utf8'[0m
  [4;35;1mSQL (0.1ms)[0m   [0mSET SQL_AUTO_IS_NULL=0[0m


Processing HomeController#index (for 127.0.0.1 at 2011-12-27 16:42:19) [GET]
Redirected to http://localhost:3000/user/login
Filter chain halted as [:authorize] rendered_or_redirected.
Completed in 1ms (DB: 0) | 302 Found [http://localhost/home]
  [4;36;1mSQL (0.1ms)[0m   [0;1mSET NAMES 'utf8'[0m
  [4;35;1mSQL (0.1ms)[0m   [0mSET SQL_AUTO_IS_NULL=0[0m


Processing UserController#login (for 127.0.0.1 at 2011-12-27 16:42:19) [GET]
Redirected to http://localhost:3000/home
Completed in 1ms (DB: 0) | 302 Found [http://localhost/user/login]
  [4;36;1mSQL (0.1ms)[0m   [0;1mSET NAMES 'utf8'[0m
  [4;35;1mSQL (0.1ms)[0m   [0mSET SQL_AUTO_IS_NULL=0[0m


Processing HomeController#index (for 127.0.0.1 at 2011-12-27 16:42:19) [GET]
Redirected to http://localhost:3000/user/login
Filter chain halted as [:authorize] rendered_or_redirected.
Completed in 1ms (DB: 0) | 302 Found [http://localhost/home]
  [4;36;1mSQL (0.1ms)[0m   [0;1mSET NAMES 'utf8'[0m
  [4;35;1mSQL (0.1ms)[0m   [0mSET SQL_AUTO_IS_NULL=0[0m


Processing UserController#login (for 127.0.0.1 at 2011-12-27 16:42:19) [GET]
Redirected to http://localhost:3000/home
Completed in 2ms (DB: 0) | 302 Found [http://localhost/user/login]
  [4;36;1mSQL (0.1ms)[0m   [0;1mSET NAMES 'utf8'[0m
  [4;35;1mSQL (0.1ms)[0m   [0mSET SQL_AUTO_IS_NULL=0[0m


Processing UserController#login (for 127.0.0.1 at 2011-12-27 16:42:22) [GET]
Redirected to http://localhost:3000/home
Completed in 2ms (DB: 0) | 302 Found [http://localhost/user/login]
  [4;36;1mSQL (0.1ms)[0m   [0;1mSET NAMES 'utf8'[0m
  [4;35;1mSQL (0.1ms)[0m   [0mSET SQL_AUTO_IS_NULL=0[0m


Processing HomeController#index (for 127.0.0.1 at 2011-12-27 16:42:22) [GET]
Redirected to http://localhost:3000/user/login
Filter chain halted as [:authorize] rendered_or_redirected.
Completed in 1ms (DB: 0) | 302 Found [http://localhost/home]
  [4;36;1mSQL (0.1ms)[0m   [0;1mSET NAMES 'utf8'[0m
  [4;35;1mSQL (0.1ms)[0m   [0mSET SQL_AUTO_IS_NULL=0[0m


Processing UserController#login (for 127.0.0.1 at 2011-12-27 16:42:22) [GET]
Redirected to http://localhost:3000/home
Completed in 1ms (DB: 0) | 302 Found [http://localhost/user/login]
  [4;36;1mSQL (0.2ms)[0m   [0;1mSET NAMES 'utf8'[0m
  [4;35;1mSQL (0.1ms)[0m   [0mSET SQL_AUTO_IS_NULL=0[0m


Processing HomeController#index (for 127.0.0.1 at 2011-12-27 16:42:22) [GET]
Redirected to http://localhost:3000/user/login
Filter chain halted as [:authorize] rendered_or_redirected.
Completed in 1ms (DB: 0) | 302 Found [http://localhost/home]
  [4;36;1mSQL (0.1ms)[0m   [0;1mSET NAMES 'utf8'[0m
  [4;35;1mSQL (0.1ms)[0m   [0mSET SQL_AUTO_IS_NULL=0[0m


Processing UserController#login (for 127.0.0.1 at 2011-12-27 16:42:22) [GET]
Redirected to http://localhost:3000/home
Completed in 1ms (DB: 0) | 302 Found [http://localhost/user/login]
  [4;36;1mSQL (0.1ms)[0m   [0;1mSET NAMES 'utf8'[0m
  [4;35;1mSQL (0.1ms)[0m   [0mSET SQL_AUTO_IS_NULL=0[0m


Processing HomeController#index (for 127.0.0.1 at 2011-12-27 16:42:22) [GET]
Redirected to http://localhost:3000/user/login
Filter chain halted as [:authorize] rendered_or_redirected.
Completed in 1ms (DB: 0) | 302 Found [http://localhost/home]
  [4;36;1mSQL (0.1ms)[0m   [0;1mSET NAMES 'utf8'[0m
  [4;35;1mSQL (0.1ms)[0m   [0mSET SQL_AUTO_IS_NULL=0[0m


Processing UserController#login (for 127.0.0.1 at 2011-12-27 16:42:22) [GET]
Redirected to http://localhost:3000/home
Completed in 1ms (DB: 0) | 302 Found [http://localhost/user/login]
  [4;36;1mSQL (0.2ms)[0m   [0;1mSET NAMES 'utf8'[0m
  [4;35;1mSQL (0.1ms)[0m   [0mSET SQL_AUTO_IS_NULL=0[0m


Processing HomeController#index (for 127.0.0.1 at 2011-12-27 16:42:23) [GET]
Redirected to http://localhost:3000/user/login
Filter chain halted as [:authorize] rendered_or_redirected.
Completed in 1ms (DB: 0) | 302 Found [http://localhost/home]
  [4;36;1mSQL (0.1ms)[0m   [0;1mSET NAMES 'utf8'[0m
  [4;35;1mSQL (0.1ms)[0m   [0mSET SQL_AUTO_IS_NULL=0[0m


Processing UserController#login (for 127.0.0.1 at 2011-12-27 16:42:23) [GET]
Redirected to http://localhost:3000/home
Completed in 1ms (DB: 0) | 302 Found [http://localhost/user/login]
  [4;36;1mSQL (0.1ms)[0m   [0;1mSET NAMES 'utf8'[0m
  [4;35;1mSQL (0.1ms)[0m   [0mSET SQL_AUTO_IS_NULL=0[0m


Processing HomeController#index (for 127.0.0.1 at 2011-12-27 16:42:23) [GET]
Redirected to http://localhost:3000/user/login
Filter chain halted as [:authorize] rendered_or_redirected.
Completed in 1ms (DB: 0) | 302 Found [http://localhost/home]
  [4;36;1mSQL (0.1ms)[0m   [0;1mSET NAMES 'utf8'[0m
  [4;35;1mSQL (0.1ms)[0m   [0mSET SQL_AUTO_IS_NULL=0[0m


Processing UserController#login (for 127.0.0.1 at 2011-12-27 16:42:23) [GET]
Redirected to http://localhost:3000/home
Completed in 1ms (DB: 0) | 302 Found [http://localhost/user/login]
  [4;36;1mSQL (0.1ms)[0m   [0;1mSET NAMES 'utf8'[0m
  [4;35;1mSQL (0.1ms)[0m   [0mSET SQL_AUTO_IS_NULL=0[0m


Processing HomeController#index (for 127.0.0.1 at 2011-12-27 16:42:23) [GET]
Redirected to http://localhost:3000/user/login
Filter chain halted as [:authorize] rendered_or_redirected.
Completed in 1ms (DB: 0) | 302 Found [http://localhost/home]
  [4;36;1mSQL (0.1ms)[0m   [0;1mSET NAMES 'utf8'[0m
  [4;35;1mSQL (0.1ms)[0m   [0mSET SQL_AUTO_IS_NULL=0[0m


Processing UserController#login (for 127.0.0.1 at 2011-12-27 16:42:23) [GET]
Redirected to http://localhost:3000/home
Completed in 4ms (DB: 0) | 302 Found [http://localhost/user/login]
  [4;36;1mSQL (0.2ms)[0m   [0;1mSET NAMES 'utf8'[0m
  [4;35;1mSQL (0.5ms)[0m   [0mSET SQL_AUTO_IS_NULL=0[0m


Processing HomeController#index (for 127.0.0.1 at 2011-12-27 16:42:23) [GET]
Redirected to http://localhost:3000/user/login
Filter chain halted as [:authorize] rendered_or_redirected.
Completed in 2ms (DB: 1) | 302 Found [http://localhost/home]
  [4;36;1mSQL (0.1ms)[0m   [0;1mSET NAMES 'utf8'[0m
  [4;35;1mSQL (0.1ms)[0m   [0mSET SQL_AUTO_IS_NULL=0[0m


Processing UserController#login (for 127.0.0.1 at 2011-12-27 16:42:23) [GET]
Redirected to http://localhost:3000/home
Completed in 2ms (DB: 0) | 302 Found [http://localhost/user/login]
  [4;36;1mSQL (0.1ms)[0m   [0;1mSET NAMES 'utf8'[0m
  [4;35;1mSQL (0.1ms)[0m   [0mSET SQL_AUTO_IS_NULL=0[0m


Processing HomeController#index (for 127.0.0.1 at 2011-12-27 16:42:23) [GET]
Redirected to http://localhost:3000/user/login
Filter chain halted as [:authorize] rendered_or_redirected.
Completed in 1ms (DB: 0) | 302 Found [http://localhost/home]
  [4;36;1mSQL (0.2ms)[0m   [0;1mSET NAMES 'utf8'[0m
  [4;35;1mSQL (0.2ms)[0m   [0mSET SQL_AUTO_IS_NULL=0[0m


Processing UserController#login (for 127.0.0.1 at 2011-12-27 16:42:23) [GET]
Redirected to http://localhost:3000/home
Completed in 1ms (DB: 0) | 302 Found [http://localhost/user/login]
  [4;36;1mSQL (0.1ms)[0m   [0;1mSET NAMES 'utf8'[0m
  [4;35;1mSQL (0.1ms)[0m   [0mSET SQL_AUTO_IS_NULL=0[0m


Processing HomeController#index (for 127.0.0.1 at 2011-12-27 16:42:23) [GET]
Redirected to http://localhost:3000/user/login
Filter chain halted as [:authorize] rendered_or_redirected.
Completed in 1ms (DB: 0) | 302 Found [http://localhost/home]
  [4;36;1mSQL (0.1ms)[0m   [0;1mSET NAMES 'utf8'[0m
  [4;35;1mSQL (0.1ms)[0m   [0mSET SQL_AUTO_IS_NULL=0[0m


Processing UserController#login (for 127.0.0.1 at 2011-12-27 16:42:23) [GET]
Redirected to http://localhost:3000/home
Completed in 1ms (DB: 0) | 302 Found [http://localhost/user/login]
  [4;36;1mSQL (0.1ms)[0m   [0;1mSET NAMES 'utf8'[0m
  [4;35;1mSQL (0.1ms)[0m   [0mSET SQL_AUTO_IS_NULL=0[0m


Processing HomeController#index (for 127.0.0.1 at 2011-12-27 16:42:23) [GET]
Redirected to http://localhost:3000/user/login
Filter chain halted as [:authorize] rendered_or_redirected.
Completed in 31ms (DB: 0) | 302 Found [http://localhost/home]
  [4;36;1mSQL (0.1ms)[0m   [0;1mSET NAMES 'utf8'[0m
  [4;35;1mSQL (0.1ms)[0m   [0mSET SQL_AUTO_IS_NULL=0[0m


Processing UserController#login (for 127.0.0.1 at 2011-12-27 16:42:23) [GET]
Redirected to http://localhost:3000/home
Completed in 2ms (DB: 0) | 302 Found [http://localhost/user/login]
  [4;36;1mSQL (0.1ms)[0m   [0;1mSET NAMES 'utf8'[0m
  [4;35;1mSQL (0.1ms)[0m   [0mSET SQL_AUTO_IS_NULL=0[0m


Processing HomeController#index (for 127.0.0.1 at 2011-12-27 16:42:27) [GET]
Redirected to http://localhost:3000/user/login
Filter chain halted as [:authorize] rendered_or_redirected.
Completed in 1ms (DB: 0) | 302 Found [http://localhost/]
  [4;36;1mSQL (0.1ms)[0m   [0;1mSET NAMES 'utf8'[0m
  [4;35;1mSQL (0.1ms)[0m   [0mSET SQL_AUTO_IS_NULL=0[0m


Processing UserController#login (for 127.0.0.1 at 2011-12-27 16:42:27) [GET]
Redirected to http://localhost:3000/home
Completed in 2ms (DB: 0) | 302 Found [http://localhost/user/login]
  [4;36;1mSQL (0.1ms)[0m   [0;1mSET NAMES 'utf8'[0m
  [4;35;1mSQL (0.1ms)[0m   [0mSET SQL_AUTO_IS_NULL=0[0m


Processing HomeController#index (for 127.0.0.1 at 2011-12-27 16:42:27) [GET]
Redirected to http://localhost:3000/user/login
Filter chain halted as [:authorize] rendered_or_redirected.
Completed in 1ms (DB: 0) | 302 Found [http://localhost/home]
  [4;36;1mSQL (0.1ms)[0m   [0;1mSET NAMES 'utf8'[0m
  [4;35;1mSQL (0.1ms)[0m   [0mSET SQL_AUTO_IS_NULL=0[0m


Processing UserController#login (for 127.0.0.1 at 2011-12-27 16:42:27) [GET]
Redirected to http://localhost:3000/home
Completed in 1ms (DB: 0) | 302 Found [http://localhost/user/login]
  [4;36;1mSQL (0.2ms)[0m   [0;1mSET NAMES 'utf8'[0m
  [4;35;1mSQL (0.2ms)[0m   [0mSET SQL_AUTO_IS_NULL=0[0m


Processing HomeController#index (for 127.0.0.1 at 2011-12-27 16:42:28) [GET]
Redirected to http://localhost:3000/user/login
Filter chain halted as [:authorize] rendered_or_redirected.
Completed in 1ms (DB: 0) | 302 Found [http://localhost/home]
  [4;36;1mSQL (0.1ms)[0m   [0;1mSET NAMES 'utf8'[0m
  [4;35;1mSQL (0.1ms)[0m   [0mSET SQL_AUTO_IS_NULL=0[0m


Processing UserController#login (for 127.0.0.1 at 2011-12-27 16:42:28) [GET]
Redirected to http://localhost:3000/home
Completed in 1ms (DB: 0) | 302 Found [http://localhost/user/login]
  [4;36;1mSQL (0.1ms)[0m   [0;1mSET NAMES 'utf8'[0m
  [4;35;1mSQL (0.1ms)[0m   [0mSET SQL_AUTO_IS_NULL=0[0m


Processing HomeController#index (for 127.0.0.1 at 2011-12-27 16:42:28) [GET]
Redirected to http://localhost:3000/user/login
Filter chain halted as [:authorize] rendered_or_redirected.
Completed in 1ms (DB: 0) | 302 Found [http://localhost/home]
  [4;36;1mSQL (0.1ms)[0m   [0;1mSET NAMES 'utf8'[0m
  [4;35;1mSQL (0.1ms)[0m   [0mSET SQL_AUTO_IS_NULL=0[0m


Processing UserController#login (for 127.0.0.1 at 2011-12-27 16:42:28) [GET]
Redirected to http://localhost:3000/home
Completed in 1ms (DB: 0) | 302 Found [http://localhost/user/login]
  [4;36;1mSQL (0.1ms)[0m   [0;1mSET NAMES 'utf8'[0m
  [4;35;1mSQL (0.1ms)[0m   [0mSET SQL_AUTO_IS_NULL=0[0m


Processing HomeController#index (for 127.0.0.1 at 2011-12-27 16:42:28) [GET]
Redirected to http://localhost:3000/user/login
Filter chain halted as [:authorize] rendered_or_redirected.
Completed in 1ms (DB: 0) | 302 Found [http://localhost/home]
  [4;36;1mSQL (0.1ms)[0m   [0;1mSET NAMES 'utf8'[0m
  [4;35;1mSQL (0.1ms)[0m   [0mSET SQL_AUTO_IS_NULL=0[0m


Processing UserController#login (for 127.0.0.1 at 2011-12-27 16:42:28) [GET]
Redirected to http://localhost:3000/home
Completed in 1ms (DB: 0) | 302 Found [http://localhost/user/login]
  [4;36;1mSQL (0.1ms)[0m   [0;1mSET NAMES 'utf8'[0m
  [4;35;1mSQL (0.1ms)[0m   [0mSET SQL_AUTO_IS_NULL=0[0m


Processing HomeController#index (for 127.0.0.1 at 2011-12-27 16:42:28) [GET]
Redirected to http://localhost:3000/user/login
Filter chain halted as [:authorize] rendered_or_redirected.
Completed in 2ms (DB: 0) | 302 Found [http://localhost/home]
  [4;36;1mSQL (0.1ms)[0m   [0;1mSET NAMES 'utf8'[0m
  [4;35;1mSQL (0.1ms)[0m   [0mSET SQL_AUTO_IS_NULL=0[0m


Processing UserController#login (for 127.0.0.1 at 2011-12-27 16:42:28) [GET]
Redirected to http://localhost:3000/home
Completed in 1ms (DB: 0) | 302 Found [http://localhost/user/login]
  [4;36;1mSQL (0.1ms)[0m   [0;1mSET NAMES 'utf8'[0m
  [4;35;1mSQL (0.1ms)[0m   [0mSET SQL_AUTO_IS_NULL=0[0m


Processing HomeController#index (for 127.0.0.1 at 2011-12-27 16:42:28) [GET]
Redirected to http://localhost:3000/user/login
Filter chain halted as [:authorize] rendered_or_redirected.
Completed in 1ms (DB: 0) | 302 Found [http://localhost/home]
  [4;36;1mSQL (0.1ms)[0m   [0;1mSET NAMES 'utf8'[0m
  [4;35;1mSQL (0.1ms)[0m   [0mSET SQL_AUTO_IS_NULL=0[0m


Processing UserController#login (for 127.0.0.1 at 2011-12-27 16:42:28) [GET]
Redirected to http://localhost:3000/home
Completed in 1ms (DB: 0) | 302 Found [http://localhost/user/login]
  [4;36;1mSQL (0.1ms)[0m   [0;1mSET NAMES 'utf8'[0m
  [4;35;1mSQL (0.1ms)[0m   [0mSET SQL_AUTO_IS_NULL=0[0m


Processing HomeController#index (for 127.0.0.1 at 2011-12-27 16:42:28) [GET]
Redirected to http://localhost:3000/user/login
Filter chain halted as [:authorize] rendered_or_redirected.
Completed in 1ms (DB: 0) | 302 Found [http://localhost/home]
  [4;36;1mSQL (0.1ms)[0m   [0;1mSET NAMES 'utf8'[0m
  [4;35;1mSQL (0.1ms)[0m   [0mSET SQL_AUTO_IS_NULL=0[0m


Processing UserController#login (for 127.0.0.1 at 2011-12-27 16:42:28) [GET]
Redirected to http://localhost:3000/home
Completed in 3ms (DB: 0) | 302 Found [http://localhost/user/login]
  [4;36;1mSQL (0.5ms)[0m   [0;1mSET NAMES 'utf8'[0m
  [4;35;1mSQL (0.1ms)[0m   [0mSET SQL_AUTO_IS_NULL=0[0m


Processing HomeController#index (for 127.0.0.1 at 2011-12-27 16:42:28) [GET]
Redirected to http://localhost:3000/user/login
Filter chain halted as [:authorize] rendered_or_redirected.
Completed in 1ms (DB: 1) | 302 Found [http://localhost/home]
  [4;36;1mSQL (0.1ms)[0m   [0;1mSET NAMES 'utf8'[0m
  [4;35;1mSQL (0.1ms)[0m   [0mSET SQL_AUTO_IS_NULL=0[0m


Processing UserController#login (for 127.0.0.1 at 2011-12-27 16:42:28) [GET]
Redirected to http://localhost:3000/home
Completed in 1ms (DB: 0) | 302 Found [http://localhost/user/login]
  [4;36;1mSQL (0.2ms)[0m   [0;1mSET NAMES 'utf8'[0m
  [4;35;1mSQL (0.2ms)[0m   [0mSET SQL_AUTO_IS_NULL=0[0m


Processing HomeController#index (for 127.0.0.1 at 2011-12-27 16:42:28) [GET]
Redirected to http://localhost:3000/user/login
Filter chain halted as [:authorize] rendered_or_redirected.
Completed in 1ms (DB: 0) | 302 Found [http://localhost/home]
  [4;36;1mSQL (0.1ms)[0m   [0;1mSET NAMES 'utf8'[0m
  [4;35;1mSQL (0.1ms)[0m   [0mSET SQL_AUTO_IS_NULL=0[0m


Processing UserController#login (for 127.0.0.1 at 2011-12-27 16:42:28) [GET]
Redirected to http://localhost:3000/home
Completed in 2ms (DB: 0) | 302 Found [http://localhost/user/login]
  [4;36;1mSQL (0.1ms)[0m   [0;1mSET NAMES 'utf8'[0m
  [4;35;1mSQL (0.1ms)[0m   [0mSET SQL_AUTO_IS_NULL=0[0m


Processing HomeController#index (for 127.0.0.1 at 2011-12-27 16:42:28) [GET]
Redirected to http://localhost:3000/user/login
Filter chain halted as [:authorize] rendered_or_redirected.
Completed in 1ms (DB: 0) | 302 Found [http://localhost/home]
  [4;36;1mSQL (0.2ms)[0m   [0;1mSET NAMES 'utf8'[0m
  [4;35;1mSQL (0.2ms)[0m   [0mSET SQL_AUTO_IS_NULL=0[0m


Processing HomeController#index (for 127.0.0.1 at 2011-12-27 17:04:09) [GET]
Redirected to http://localhost:3000/user/login
Filter chain halted as [:authorize] rendered_or_redirected.
Completed in 1ms (DB: 0) | 302 Found [http://localhost/home]
  [4;36;1mSQL (0.1ms)[0m   [0;1mSET NAMES 'utf8'[0m
  [4;35;1mSQL (0.1ms)[0m   [0mSET SQL_AUTO_IS_NULL=0[0m


Processing UserController#login (for 127.0.0.1 at 2011-12-27 17:04:09) [GET]
Redirected to http://localhost:3000/home
Completed in 1ms (DB: 0) | 302 Found [http://localhost/user/login]
  [4;36;1mSQL (0.1ms)[0m   [0;1mSET NAMES 'utf8'[0m
  [4;35;1mSQL (0.1ms)[0m   [0mSET SQL_AUTO_IS_NULL=0[0m


Processing HomeController#index (for 127.0.0.1 at 2011-12-27 17:04:09) [GET]
Redirected to http://localhost:3000/user/login
Filter chain halted as [:authorize] rendered_or_redirected.
Completed in 2ms (DB: 0) | 302 Found [http://localhost/home]
  [4;36;1mSQL (0.1ms)[0m   [0;1mSET NAMES 'utf8'[0m
  [4;35;1mSQL (0.1ms)[0m   [0mSET SQL_AUTO_IS_NULL=0[0m


Processing UserController#login (for 127.0.0.1 at 2011-12-27 17:04:09) [GET]
Redirected to http://localhost:3000/home
Completed in 2ms (DB: 0) | 302 Found [http://localhost/user/login]
  [4;36;1mSQL (0.1ms)[0m   [0;1mSET NAMES 'utf8'[0m
  [4;35;1mSQL (0.1ms)[0m   [0mSET SQL_AUTO_IS_NULL=0[0m


Processing HomeController#index (for 127.0.0.1 at 2011-12-27 17:04:09) [GET]
Redirected to http://localhost:3000/user/login
Filter chain halted as [:authorize] rendered_or_redirected.
Completed in 1ms (DB: 0) | 302 Found [http://localhost/home]
  [4;36;1mSQL (0.1ms)[0m   [0;1mSET NAMES 'utf8'[0m
  [4;35;1mSQL (0.1ms)[0m   [0mSET SQL_AUTO_IS_NULL=0[0m


Processing UserController#login (for 127.0.0.1 at 2011-12-27 17:04:09) [GET]
Redirected to http://localhost:3000/home
Completed in 2ms (DB: 0) | 302 Found [http://localhost/user/login]
  [4;36;1mSQL (0.1ms)[0m   [0;1mSET NAMES 'utf8'[0m
  [4;35;1mSQL (0.1ms)[0m   [0mSET SQL_AUTO_IS_NULL=0[0m


Processing HomeController#index (for 127.0.0.1 at 2011-12-27 17:04:09) [GET]
Redirected to http://localhost:3000/user/login
Filter chain halted as [:authorize] rendered_or_redirected.
Completed in 1ms (DB: 0) | 302 Found [http://localhost/home]
  [4;36;1mSQL (0.1ms)[0m   [0;1mSET NAMES 'utf8'[0m
  [4;35;1mSQL (0.1ms)[0m   [0mSET SQL_AUTO_IS_NULL=0[0m


Processing UserController#login (for 127.0.0.1 at 2011-12-27 17:04:09) [GET]
Redirected to http://localhost:3000/home
Completed in 2ms (DB: 0) | 302 Found [http://localhost/user/login]
  [4;36;1mSQL (0.1ms)[0m   [0;1mSET NAMES 'utf8'[0m
  [4;35;1mSQL (0.1ms)[0m   [0mSET SQL_AUTO_IS_NULL=0[0m


Processing HomeController#index (for 127.0.0.1 at 2011-12-27 17:04:09) [GET]
Redirected to http://localhost:3000/user/login
Filter chain halted as [:authorize] rendered_or_redirected.
Completed in 1ms (DB: 0) | 302 Found [http://localhost/home]
  [4;36;1mSQL (0.1ms)[0m   [0;1mSET NAMES 'utf8'[0m
  [4;35;1mSQL (0.1ms)[0m   [0mSET SQL_AUTO_IS_NULL=0[0m


Processing UserController#login (for 127.0.0.1 at 2011-12-27 17:04:09) [GET]
Redirected to http://localhost:3000/home
Completed in 1ms (DB: 0) | 302 Found [http://localhost/user/login]
  [4;36;1mSQL (0.1ms)[0m   [0;1mSET NAMES 'utf8'[0m
  [4;35;1mSQL (0.1ms)[0m   [0mSET SQL_AUTO_IS_NULL=0[0m


Processing HomeController#index (for 127.0.0.1 at 2011-12-27 17:04:09) [GET]
Redirected to http://localhost:3000/user/login
Filter chain halted as [:authorize] rendered_or_redirected.
Completed in 1ms (DB: 0) | 302 Found [http://localhost/home]
  [4;36;1mSQL (0.1ms)[0m   [0;1mSET NAMES 'utf8'[0m
  [4;35;1mSQL (0.1ms)[0m   [0mSET SQL_AUTO_IS_NULL=0[0m


Processing UserController#login (for 127.0.0.1 at 2011-12-27 17:04:09) [GET]
Redirected to http://localhost:3000/home
Completed in 1ms (DB: 0) | 302 Found [http://localhost/user/login]
  [4;36;1mSQL (0.1ms)[0m   [0;1mSET NAMES 'utf8'[0m
  [4;35;1mSQL (0.1ms)[0m   [0mSET SQL_AUTO_IS_NULL=0[0m


Processing HomeController#index (for 127.0.0.1 at 2011-12-27 17:04:09) [GET]
Redirected to http://localhost:3000/user/login
Filter chain halted as [:authorize] rendered_or_redirected.
Completed in 1ms (DB: 0) | 302 Found [http://localhost/home]
  [4;36;1mSQL (0.1ms)[0m   [0;1mSET NAMES 'utf8'[0m
  [4;35;1mSQL (0.2ms)[0m   [0mSET SQL_AUTO_IS_NULL=0[0m


Processing UserController#login (for 127.0.0.1 at 2011-12-27 17:04:09) [GET]
Redirected to http://localhost:3000/home
Completed in 1ms (DB: 0) | 302 Found [http://localhost/user/login]
  [4;36;1mSQL (0.1ms)[0m   [0;1mSET NAMES 'utf8'[0m
  [4;35;1mSQL (0.2ms)[0m   [0mSET SQL_AUTO_IS_NULL=0[0m


Processing HomeController#index (for 127.0.0.1 at 2011-12-27 17:04:09) [GET]
Redirected to http://localhost:3000/user/login
Filter chain halted as [:authorize] rendered_or_redirected.
Completed in 1ms (DB: 0) | 302 Found [http://localhost/home]
  [4;36;1mSQL (0.1ms)[0m   [0;1mSET NAMES 'utf8'[0m
  [4;35;1mSQL (0.1ms)[0m   [0mSET SQL_AUTO_IS_NULL=0[0m


Processing UserController#login (for 127.0.0.1 at 2011-12-27 17:04:09) [GET]
Redirected to http://localhost:3000/home
Completed in 1ms (DB: 0) | 302 Found [http://localhost/user/login]
  [4;36;1mSQL (0.1ms)[0m   [0;1mSET NAMES 'utf8'[0m
  [4;35;1mSQL (0.1ms)[0m   [0mSET SQL_AUTO_IS_NULL=0[0m


Processing HomeController#index (for 127.0.0.1 at 2011-12-27 17:04:09) [GET]
Redirected to http://localhost:3000/user/login
Filter chain halted as [:authorize] rendered_or_redirected.
Completed in 1ms (DB: 0) | 302 Found [http://localhost/home]
  [4;36;1mSQL (0.1ms)[0m   [0;1mSET NAMES 'utf8'[0m
  [4;35;1mSQL (0.1ms)[0m   [0mSET SQL_AUTO_IS_NULL=0[0m


Processing UserController#login (for 127.0.0.1 at 2011-12-27 17:04:09) [GET]
Redirected to http://localhost:3000/home
Completed in 1ms (DB: 0) | 302 Found [http://localhost/user/login]
  [4;36;1mSQL (0.1ms)[0m   [0;1mSET NAMES 'utf8'[0m
  [4;35;1mSQL (0.1ms)[0m   [0mSET SQL_AUTO_IS_NULL=0[0m


Processing HomeController#index (for 127.0.0.1 at 2011-12-27 17:04:10) [GET]
Redirected to http://localhost:3000/user/login
Filter chain halted as [:authorize] rendered_or_redirected.
Completed in 1ms (DB: 0) | 302 Found [http://localhost/home]
  [4;36;1mSQL (0.2ms)[0m   [0;1mSET NAMES 'utf8'[0m
  [4;35;1mSQL (0.1ms)[0m   [0mSET SQL_AUTO_IS_NULL=0[0m


Processing UserController#login (for 127.0.0.1 at 2011-12-27 17:04:10) [GET]
Redirected to http://localhost:3000/home
Completed in 1ms (DB: 0) | 302 Found [http://localhost/user/login]
  [4;36;1mSQL (0.1ms)[0m   [0;1mSET NAMES 'utf8'[0m
  [4;35;1mSQL (0.1ms)[0m   [0mSET SQL_AUTO_IS_NULL=0[0m


Processing HomeController#index (for 127.0.0.1 at 2011-12-27 17:04:10) [GET]
Redirected to http://localhost:3000/user/login
Filter chain halted as [:authorize] rendered_or_redirected.
Completed in 1ms (DB: 0) | 302 Found [http://localhost/home]
  [4;36;1mSQL (0.1ms)[0m   [0;1mSET NAMES 'utf8'[0m
  [4;35;1mSQL (0.1ms)[0m   [0mSET SQL_AUTO_IS_NULL=0[0m


Processing HomeController#index (for 127.0.0.1 at 2011-12-27 17:04:41) [GET]
Redirected to http://localhost:3000/user/login
Filter chain halted as [:authorize] rendered_or_redirected.
Completed in 1ms (DB: 0) | 302 Found [http://localhost/]
  [4;36;1mSQL (0.1ms)[0m   [0;1mSET NAMES 'utf8'[0m
  [4;35;1mSQL (0.1ms)[0m   [0mSET SQL_AUTO_IS_NULL=0[0m


Processing UserController#login (for 127.0.0.1 at 2011-12-27 17:04:41) [GET]
Rendering user/login
Rendered home/_main_header (0.2ms)
Completed in 6ms (View: 5, DB: 0) | 200 OK [http://localhost/user/login]
