

Processing IssuesController#show (for 127.0.0.1 at 2012-05-01 17:26:30) [GET]
  Parameters: {"title"=>"Missed appointments", "id"=>"24"}
Rendering issues/show
Completed in 211ms (View: 18, DB: 2) | 200 OK [http://localhost/issues/show?id=24&title=Missed%20appointments]


Processing SmsController#outbox (for 127.0.0.1 at 2012-05-01 17:26:31) [GET]
Completed in 49496ms (View: 1, DB: 7) | 200 OK [http://localhost/sms/outbox]


Processing SmsController#update_sms_thred (for 127.0.0.1 at 2012-05-01 17:27:20) [GET]
  Parameters: {"id"=>"24"}
Completed in 4ms (View: 1, DB: 0) | 200 OK [http://localhost/sms/update_sms_thred/24]


Processing SmsController#outbox (for 127.0.0.1 at 2012-05-01 17:27:31) [GET]
Completed in 46640ms (View: 1, DB: 3) | 200 OK [http://localhost/sms/outbox]


Processing SmsController#update_sms_thred (for 127.0.0.1 at 2012-05-01 17:28:18) [GET]
  Parameters: {"id"=>"24"}
Completed in 6ms (View: 1, DB: 0) | 200 OK [http://localhost/sms/update_sms_thred/24]


Processing SmsController#outbox (for 127.0.0.1 at 2012-05-01 17:28:31) [GET]
Completed in 46564ms (View: 0, DB: 2) | 200 OK [http://localhost/sms/outbox]


Processing SmsController#update_sms_thred (for 127.0.0.1 at 2012-05-01 17:29:18) [GET]
  Parameters: {"id"=>"24"}
Completed in 3ms (View: 0, DB: 0) | 200 OK [http://localhost/sms/update_sms_thred/24]


Processing SmsController#outbox (for 127.0.0.1 at 2012-05-01 17:29:31) [GET]
Completed in 46559ms (View: 1, DB: 3) | 200 OK [http://localhost/sms/outbox]


Processing SmsController#update_sms_thred (for 127.0.0.1 at 2012-05-01 17:30:18) [GET]
  Parameters: {"id"=>"24"}
Completed in 3ms (View: 0, DB: 0) | 200 OK [http://localhost/sms/update_sms_thred/24]


Processing SmsController#outbox (for 127.0.0.1 at 2012-05-01 17:30:31) [GET]
Completed in 46710ms (View: 1, DB: 3) | 200 OK [http://localhost/sms/outbox]


Processing SmsController#update_sms_thred (for 127.0.0.1 at 2012-05-01 17:31:18) [GET]
  Parameters: {"id"=>"24"}
Completed in 3ms (View: 0, DB: 0) | 200 OK [http://localhost/sms/update_sms_thred/24]


Processing SmsController#outbox (for 127.0.0.1 at 2012-05-01 17:31:31) [GET]
Completed in 46548ms (View: 1, DB: 3) | 200 OK [http://localhost/sms/outbox]


Processing IssuesController#show (for 127.0.0.1 at 2012-05-01 17:32:17) [GET]
  Parameters: {"title"=>"Missed appointments", "id"=>"24"}
Rendering issues/show
Completed in 31ms (View: 4, DB: 0) | 200 OK [http://localhost/issues/show?id=24&title=Missed%20appointments]


Processing SmsController#outbox (for 127.0.0.1 at 2012-05-01 17:32:18) [GET]
Completed in 46525ms (View: 0, DB: 2) | 200 OK [http://localhost/sms/outbox]


Processing IssuesController#show (for 127.0.0.1 at 2012-05-01 17:33:04) [GET]
  Parameters: {"title"=>"Missed appointments", "id"=>"24"}
Rendering issues/show
Completed in 26ms (View: 4, DB: 0) | 200 OK [http://localhost/issues/show?id=24&title=Missed%20appointments]


Processing IssuesController#show (for 127.0.0.1 at 2012-05-01 17:33:05) [GET]
  Parameters: {"title"=>"Missed appointments", "id"=>"24"}
Rendering issues/show
Completed in 25ms (View: 4, DB: 0) | 200 OK [http://localhost/issues/show?id=24&title=Missed%20appointments]


Processing SmsController#outbox (for 127.0.0.1 at 2012-05-01 17:33:05) [GET]
Completed in 46549ms (View: 0, DB: 2) | 200 OK [http://localhost/sms/outbox]


Processing SmsController#update_sms_thred (for 127.0.0.1 at 2012-05-01 17:33:51) [GET]
  Parameters: {"id"=>"24"}
Completed in 4ms (View: 1, DB: 0) | 200 OK [http://localhost/sms/update_sms_thred/24]


Processing SmsController#outbox (for 127.0.0.1 at 2012-05-01 17:34:05) [GET]
Completed in 46547ms (View: 1, DB: 2) | 200 OK [http://localhost/sms/outbox]


Processing SmsController#update_sms_thred (for 127.0.0.1 at 2012-05-01 17:34:51) [GET]
  Parameters: {"id"=>"24"}
Completed in 6ms (View: 1, DB: 0) | 200 OK [http://localhost/sms/update_sms_thred/24]


Processing SmsController#outbox (for 127.0.0.1 at 2012-05-01 17:35:05) [GET]
Completed in 46559ms (View: 0, DB: 2) | 200 OK [http://localhost/sms/outbox]


Processing IssuesController#show (for 127.0.0.1 at 2012-05-01 17:35:51) [GET]
  Parameters: {"title"=>"Missed appointments", "id"=>"24"}
Rendering issues/show
Completed in 26ms (View: 5, DB: 0) | 200 OK [http://localhost/issues/show?id=24&title=Missed%20appointments]


Processing SmsController#outbox (for 127.0.0.1 at 2012-05-01 17:35:52) [GET]
Completed in 46580ms (View: 1, DB: 3) | 200 OK [http://localhost/sms/outbox]


Processing HomeController#index (for 127.0.0.1 at 2012-05-01 17:36:38) [GET]
  Parameters: {"actopn"=>"index"}
Rendering home/index
Completed in 16ms (View: 11, DB: 0) | 200 OK [http://localhost/]


Processing ReportsController#container (for 127.0.0.1 at 2012-05-01 17:36:52) [GET]
  Parameters: {"start_date"=>"2012-02-01", "type"=>"missed_appointments"}
Rendering reports/container
Completed in 19ms (View: 8, DB: 0) | 200 OK [http://localhost/reports/container?type=missed_appointments&start_date=2012-02-01]


Processing ApplicationController#index (for 127.0.0.1 at 2012-05-01 17:36:53) [GET]

ActionController::RoutingError (No route matches "/images/sort_asc.jpg" with {:method=>:get}):
  /usr/lib/ruby/1.8/action_controller/routing/recognition_optimisation.rb:66:in `recognize_path'
  /usr/lib/ruby/1.8/action_controller/routing/route_set.rb:441:in `recognize'
  /usr/lib/ruby/1.8/action_controller/routing/route_set.rb:436:in `call'
  /usr/lib/ruby/1.8/action_controller/dispatcher.rb:87:in `dispatch'
  /usr/lib/ruby/1.8/action_controller/dispatcher.rb:121:in `_call'
  /usr/lib/ruby/1.8/action_controller/dispatcher.rb:130:in `build_middleware_stack'
  /usr/lib/ruby/1.8/active_record/query_cache.rb:29:in `call'
  /usr/lib/ruby/1.8/active_record/query_cache.rb:29:in `call'
  /usr/lib/ruby/1.8/active_record/connection_adapters/abstract/query_cache.rb:34:in `cache'
  /usr/lib/ruby/1.8/active_record/query_cache.rb:9:in `cache'
  /usr/lib/ruby/1.8/active_record/query_cache.rb:28:in `call'
  /usr/lib/ruby/1.8/active_record/connection_adapters/abstract/connection_pool.rb:361:in `call'
  /usr/lib/ruby/1.8/action_controller/string_coercion.rb:25:in `call'
  /usr/lib/ruby/1.8/rack/head.rb:9:in `call'
  /usr/lib/ruby/1.8/rack/methodoverride.rb:24:in `call'
  /usr/lib/ruby/1.8/action_controller/params_parser.rb:15:in `call'
  /usr/lib/ruby/1.8/action_controller/session/cookie_store.rb:93:in `call'
  /usr/lib/ruby/1.8/action_controller/failsafe.rb:26:in `call'
  /usr/lib/ruby/1.8/rack/lock.rb:11:in `call'
  /usr/lib/ruby/1.8/rack/lock.rb:11:in `synchronize'
  /usr/lib/ruby/1.8/rack/lock.rb:11:in `call'
  /usr/lib/ruby/1.8/action_controller/dispatcher.rb:106:in `call'
  /usr/lib/ruby/1.8/rack/urlmap.rb:47:in `call'
  /usr/lib/ruby/1.8/rack/urlmap.rb:41:in `each'
  /usr/lib/ruby/1.8/rack/urlmap.rb:41:in `call'
  /usr/lib/ruby/1.8/rack/content_length.rb:13:in `call'
  /usr/lib/ruby/1.8/rack/chunked.rb:15:in `call'
  /usr/lib/ruby/1.8/rack/handler/mongrel.rb:67:in `process'
  /usr/lib/ruby/1.8/rack/handler/mongrel.rb:38:in `run'

Rendering rescues/layout (not_found)


Processing ApplicationController#index (for 127.0.0.1 at 2012-05-01 17:36:53) [GET]

ActionController::RoutingError (No route matches "/images/sort_both.jpg" with {:method=>:get}):
  /usr/lib/ruby/1.8/action_controller/routing/recognition_optimisation.rb:66:in `recognize_path'
  /usr/lib/ruby/1.8/action_controller/routing/route_set.rb:441:in `recognize'
  /usr/lib/ruby/1.8/action_controller/routing/route_set.rb:436:in `call'
  /usr/lib/ruby/1.8/action_controller/dispatcher.rb:87:in `dispatch'
  /usr/lib/ruby/1.8/action_controller/dispatcher.rb:121:in `_call'
  /usr/lib/ruby/1.8/action_controller/dispatcher.rb:130:in `build_middleware_stack'
  /usr/lib/ruby/1.8/active_record/query_cache.rb:29:in `call'
  /usr/lib/ruby/1.8/active_record/query_cache.rb:29:in `call'
  /usr/lib/ruby/1.8/active_record/connection_adapters/abstract/query_cache.rb:34:in `cache'
  /usr/lib/ruby/1.8/active_record/query_cache.rb:9:in `cache'
  /usr/lib/ruby/1.8/active_record/query_cache.rb:28:in `call'
  /usr/lib/ruby/1.8/active_record/connection_adapters/abstract/connection_pool.rb:361:in `call'
  /usr/lib/ruby/1.8/action_controller/string_coercion.rb:25:in `call'
  /usr/lib/ruby/1.8/rack/head.rb:9:in `call'
  /usr/lib/ruby/1.8/rack/methodoverride.rb:24:in `call'
  /usr/lib/ruby/1.8/action_controller/params_parser.rb:15:in `call'
  /usr/lib/ruby/1.8/action_controller/session/cookie_store.rb:93:in `call'
  /usr/lib/ruby/1.8/action_controller/failsafe.rb:26:in `call'
  /usr/lib/ruby/1.8/rack/lock.rb:11:in `call'
  /usr/lib/ruby/1.8/rack/lock.rb:11:in `synchronize'
  /usr/lib/ruby/1.8/rack/lock.rb:11:in `call'
  /usr/lib/ruby/1.8/action_controller/dispatcher.rb:106:in `call'
  /usr/lib/ruby/1.8/rack/urlmap.rb:47:in `call'
  /usr/lib/ruby/1.8/rack/urlmap.rb:41:in `each'
  /usr/lib/ruby/1.8/rack/urlmap.rb:41:in `call'
  /usr/lib/ruby/1.8/rack/content_length.rb:13:in `call'
  /usr/lib/ruby/1.8/rack/chunked.rb:15:in `call'
  /usr/lib/ruby/1.8/rack/handler/mongrel.rb:67:in `process'
  /usr/lib/ruby/1.8/rack/handler/mongrel.rb:38:in `run'

Rendering rescues/layout (not_found)


Processing ApplicationController#index (for 127.0.0.1 at 2012-05-01 17:36:53) [GET]

ActionController::RoutingError (No route matches "/images/back_disabled.jpg" with {:method=>:get}):
  /usr/lib/ruby/1.8/action_controller/routing/recognition_optimisation.rb:66:in `recognize_path'
  /usr/lib/ruby/1.8/action_controller/routing/route_set.rb:441:in `recognize'
  /usr/lib/ruby/1.8/action_controller/routing/route_set.rb:436:in `call'
  /usr/lib/ruby/1.8/action_controller/dispatcher.rb:87:in `dispatch'
  /usr/lib/ruby/1.8/action_controller/dispatcher.rb:121:in `_call'
  /usr/lib/ruby/1.8/action_controller/dispatcher.rb:130:in `build_middleware_stack'
  /usr/lib/ruby/1.8/active_record/query_cache.rb:29:in `call'
  /usr/lib/ruby/1.8/active_record/query_cache.rb:29:in `call'
  /usr/lib/ruby/1.8/active_record/connection_adapters/abstract/query_cache.rb:34:in `cache'
  /usr/lib/ruby/1.8/active_record/query_cache.rb:9:in `cache'
  /usr/lib/ruby/1.8/active_record/query_cache.rb:28:in `call'
  /usr/lib/ruby/1.8/active_record/connection_adapters/abstract/connection_pool.rb:361:in `call'
  /usr/lib/ruby/1.8/action_controller/string_coercion.rb:25:in `call'
  /usr/lib/ruby/1.8/rack/head.rb:9:in `call'
  /usr/lib/ruby/1.8/rack/methodoverride.rb:24:in `call'
  /usr/lib/ruby/1.8/action_controller/params_parser.rb:15:in `call'
  /usr/lib/ruby/1.8/action_controller/session/cookie_store.rb:93:in `call'
  /usr/lib/ruby/1.8/action_controller/failsafe.rb:26:in `call'
  /usr/lib/ruby/1.8/rack/lock.rb:11:in `call'
  /usr/lib/ruby/1.8/rack/lock.rb:11:in `synchronize'
  /usr/lib/ruby/1.8/rack/lock.rb:11:in `call'
  /usr/lib/ruby/1.8/action_controller/dispatcher.rb:106:in `call'
  /usr/lib/ruby/1.8/rack/urlmap.rb:47:in `call'
  /usr/lib/ruby/1.8/rack/urlmap.rb:41:in `each'
  /usr/lib/ruby/1.8/rack/urlmap.rb:41:in `call'
  /usr/lib/ruby/1.8/rack/content_length.rb:13:in `call'
  /usr/lib/ruby/1.8/rack/chunked.rb:15:in `call'
  /usr/lib/ruby/1.8/rack/handler/mongrel.rb:67:in `process'
  /usr/lib/ruby/1.8/rack/handler/mongrel.rb:38:in `run'

Rendering rescues/layout (not_found)


Processing ApplicationController#index (for 127.0.0.1 at 2012-05-01 17:36:53) [GET]

ActionController::RoutingError (No route matches "/images/forward_disabled.jpg" with {:method=>:get}):
  /usr/lib/ruby/1.8/action_controller/routing/recognition_optimisation.rb:66:in `recognize_path'
  /usr/lib/ruby/1.8/action_controller/routing/route_set.rb:441:in `recognize'
  /usr/lib/ruby/1.8/action_controller/routing/route_set.rb:436:in `call'
  /usr/lib/ruby/1.8/action_controller/dispatcher.rb:87:in `dispatch'
  /usr/lib/ruby/1.8/action_controller/dispatcher.rb:121:in `_call'
  /usr/lib/ruby/1.8/action_controller/dispatcher.rb:130:in `build_middleware_stack'
  /usr/lib/ruby/1.8/active_record/query_cache.rb:29:in `call'
  /usr/lib/ruby/1.8/active_record/query_cache.rb:29:in `call'
  /usr/lib/ruby/1.8/active_record/connection_adapters/abstract/query_cache.rb:34:in `cache'
  /usr/lib/ruby/1.8/active_record/query_cache.rb:9:in `cache'
  /usr/lib/ruby/1.8/active_record/query_cache.rb:28:in `call'
  /usr/lib/ruby/1.8/active_record/connection_adapters/abstract/connection_pool.rb:361:in `call'
  /usr/lib/ruby/1.8/action_controller/string_coercion.rb:25:in `call'
  /usr/lib/ruby/1.8/rack/head.rb:9:in `call'
  /usr/lib/ruby/1.8/rack/methodoverride.rb:24:in `call'
  /usr/lib/ruby/1.8/action_controller/params_parser.rb:15:in `call'
  /usr/lib/ruby/1.8/action_controller/session/cookie_store.rb:93:in `call'
  /usr/lib/ruby/1.8/action_controller/failsafe.rb:26:in `call'
  /usr/lib/ruby/1.8/rack/lock.rb:11:in `call'
  /usr/lib/ruby/1.8/rack/lock.rb:11:in `synchronize'
  /usr/lib/ruby/1.8/rack/lock.rb:11:in `call'
  /usr/lib/ruby/1.8/action_controller/dispatcher.rb:106:in `call'
  /usr/lib/ruby/1.8/rack/urlmap.rb:47:in `call'
  /usr/lib/ruby/1.8/rack/urlmap.rb:41:in `each'
  /usr/lib/ruby/1.8/rack/urlmap.rb:41:in `call'
  /usr/lib/ruby/1.8/rack/content_length.rb:13:in `call'
  /usr/lib/ruby/1.8/rack/chunked.rb:15:in `call'
  /usr/lib/ruby/1.8/rack/handler/mongrel.rb:67:in `process'
  /usr/lib/ruby/1.8/rack/handler/mongrel.rb:38:in `run'

Rendering rescues/layout (not_found)


Processing IssuesController#show (for 127.0.0.1 at 2012-05-01 17:36:56) [GET]
  Parameters: {"title"=>"Missed appointments", "id"=>"24"}
Rendering issues/show
Completed in 30ms (View: 4, DB: 0) | 200 OK [http://localhost/issues/show?id=24&title=Missed%20appointments]


Processing SmsController#outbox (for 127.0.0.1 at 2012-05-01 17:36:57) [GET]
Completed in 46439ms (View: 0, DB: 2) | 200 OK [http://localhost/sms/outbox]


Processing ReportsController#container (for 127.0.0.1 at 2012-05-01 17:37:43) [GET]
  Parameters: {"start_date"=>"2012-02-01", "type"=>"missed_appointments"}
Rendering reports/container
Completed in 12ms (View: 3, DB: 0) | 200 OK [http://localhost/reports/container?type=missed_appointments&start_date=2012-02-01]


Processing ApplicationController#index (for 127.0.0.1 at 2012-05-01 17:37:44) [GET]

ActionController::RoutingError (No route matches "/images/sort_asc.jpg" with {:method=>:get}):
  /usr/lib/ruby/1.8/action_controller/routing/recognition_optimisation.rb:66:in `recognize_path'
  /usr/lib/ruby/1.8/action_controller/routing/route_set.rb:441:in `recognize'
  /usr/lib/ruby/1.8/action_controller/routing/route_set.rb:436:in `call'
  /usr/lib/ruby/1.8/action_controller/dispatcher.rb:87:in `dispatch'
  /usr/lib/ruby/1.8/action_controller/dispatcher.rb:121:in `_call'
  /usr/lib/ruby/1.8/action_controller/dispatcher.rb:130:in `build_middleware_stack'
  /usr/lib/ruby/1.8/active_record/query_cache.rb:29:in `call'
  /usr/lib/ruby/1.8/active_record/query_cache.rb:29:in `call'
  /usr/lib/ruby/1.8/active_record/connection_adapters/abstract/query_cache.rb:34:in `cache'
  /usr/lib/ruby/1.8/active_record/query_cache.rb:9:in `cache'
  /usr/lib/ruby/1.8/active_record/query_cache.rb:28:in `call'
  /usr/lib/ruby/1.8/active_record/connection_adapters/abstract/connection_pool.rb:361:in `call'
  /usr/lib/ruby/1.8/action_controller/string_coercion.rb:25:in `call'
  /usr/lib/ruby/1.8/rack/head.rb:9:in `call'
  /usr/lib/ruby/1.8/rack/methodoverride.rb:24:in `call'
  /usr/lib/ruby/1.8/action_controller/params_parser.rb:15:in `call'
  /usr/lib/ruby/1.8/action_controller/session/cookie_store.rb:93:in `call'
  /usr/lib/ruby/1.8/action_controller/failsafe.rb:26:in `call'
  /usr/lib/ruby/1.8/rack/lock.rb:11:in `call'
  /usr/lib/ruby/1.8/rack/lock.rb:11:in `synchronize'
  /usr/lib/ruby/1.8/rack/lock.rb:11:in `call'
  /usr/lib/ruby/1.8/action_controller/dispatcher.rb:106:in `call'
  /usr/lib/ruby/1.8/rack/urlmap.rb:47:in `call'
  /usr/lib/ruby/1.8/rack/urlmap.rb:41:in `each'
  /usr/lib/ruby/1.8/rack/urlmap.rb:41:in `call'
  /usr/lib/ruby/1.8/rack/content_length.rb:13:in `call'
  /usr/lib/ruby/1.8/rack/chunked.rb:15:in `call'
  /usr/lib/ruby/1.8/rack/handler/mongrel.rb:67:in `process'
  /usr/lib/ruby/1.8/rack/handler/mongrel.rb:38:in `run'

Rendering rescues/layout (not_found)


Processing ApplicationController#index (for 127.0.0.1 at 2012-05-01 17:37:44) [GET]

ActionController::RoutingError (No route matches "/images/sort_both.jpg" with {:method=>:get}):
  /usr/lib/ruby/1.8/action_controller/routing/recognition_optimisation.rb:66:in `recognize_path'
  /usr/lib/ruby/1.8/action_controller/routing/route_set.rb:441:in `recognize'
  /usr/lib/ruby/1.8/action_controller/routing/route_set.rb:436:in `call'
  /usr/lib/ruby/1.8/action_controller/dispatcher.rb:87:in `dispatch'
  /usr/lib/ruby/1.8/action_controller/dispatcher.rb:121:in `_call'
  /usr/lib/ruby/1.8/action_controller/dispatcher.rb:130:in `build_middleware_stack'
  /usr/lib/ruby/1.8/active_record/query_cache.rb:29:in `call'
  /usr/lib/ruby/1.8/active_record/query_cache.rb:29:in `call'
  /usr/lib/ruby/1.8/active_record/connection_adapters/abstract/query_cache.rb:34:in `cache'
  /usr/lib/ruby/1.8/active_record/query_cache.rb:9:in `cache'
  /usr/lib/ruby/1.8/active_record/query_cache.rb:28:in `call'
  /usr/lib/ruby/1.8/active_record/connection_adapters/abstract/connection_pool.rb:361:in `call'
  /usr/lib/ruby/1.8/action_controller/string_coercion.rb:25:in `call'
  /usr/lib/ruby/1.8/rack/head.rb:9:in `call'
  /usr/lib/ruby/1.8/rack/methodoverride.rb:24:in `call'
  /usr/lib/ruby/1.8/action_controller/params_parser.rb:15:in `call'
  /usr/lib/ruby/1.8/action_controller/session/cookie_store.rb:93:in `call'
  /usr/lib/ruby/1.8/action_controller/failsafe.rb:26:in `call'
  /usr/lib/ruby/1.8/rack/lock.rb:11:in `call'
  /usr/lib/ruby/1.8/rack/lock.rb:11:in `synchronize'
  /usr/lib/ruby/1.8/rack/lock.rb:11:in `call'
  /usr/lib/ruby/1.8/action_controller/dispatcher.rb:106:in `call'
  /usr/lib/ruby/1.8/rack/urlmap.rb:47:in `call'
  /usr/lib/ruby/1.8/rack/urlmap.rb:41:in `each'
  /usr/lib/ruby/1.8/rack/urlmap.rb:41:in `call'
  /usr/lib/ruby/1.8/rack/content_length.rb:13:in `call'
  /usr/lib/ruby/1.8/rack/chunked.rb:15:in `call'
  /usr/lib/ruby/1.8/rack/handler/mongrel.rb:67:in `process'
  /usr/lib/ruby/1.8/rack/handler/mongrel.rb:38:in `run'

Rendering rescues/layout (not_found)


Processing ApplicationController#index (for 127.0.0.1 at 2012-05-01 17:37:44) [GET]

ActionController::RoutingError (No route matches "/images/back_disabled.jpg" with {:method=>:get}):
  /usr/lib/ruby/1.8/action_controller/routing/recognition_optimisation.rb:66:in `recognize_path'
  /usr/lib/ruby/1.8/action_controller/routing/route_set.rb:441:in `recognize'
  /usr/lib/ruby/1.8/action_controller/routing/route_set.rb:436:in `call'
  /usr/lib/ruby/1.8/action_controller/dispatcher.rb:87:in `dispatch'
  /usr/lib/ruby/1.8/action_controller/dispatcher.rb:121:in `_call'
  /usr/lib/ruby/1.8/action_controller/dispatcher.rb:130:in `build_middleware_stack'
  /usr/lib/ruby/1.8/active_record/query_cache.rb:29:in `call'
  /usr/lib/ruby/1.8/active_record/query_cache.rb:29:in `call'
  /usr/lib/ruby/1.8/active_record/connection_adapters/abstract/query_cache.rb:34:in `cache'
  /usr/lib/ruby/1.8/active_record/query_cache.rb:9:in `cache'
  /usr/lib/ruby/1.8/active_record/query_cache.rb:28:in `call'
  /usr/lib/ruby/1.8/active_record/connection_adapters/abstract/connection_pool.rb:361:in `call'
  /usr/lib/ruby/1.8/action_controller/string_coercion.rb:25:in `call'
  /usr/lib/ruby/1.8/rack/head.rb:9:in `call'
  /usr/lib/ruby/1.8/rack/methodoverride.rb:24:in `call'
  /usr/lib/ruby/1.8/action_controller/params_parser.rb:15:in `call'
  /usr/lib/ruby/1.8/action_controller/session/cookie_store.rb:93:in `call'
  /usr/lib/ruby/1.8/action_controller/failsafe.rb:26:in `call'
  /usr/lib/ruby/1.8/rack/lock.rb:11:in `call'
  /usr/lib/ruby/1.8/rack/lock.rb:11:in `synchronize'
  /usr/lib/ruby/1.8/rack/lock.rb:11:in `call'
  /usr/lib/ruby/1.8/action_controller/dispatcher.rb:106:in `call'
  /usr/lib/ruby/1.8/rack/urlmap.rb:47:in `call'
  /usr/lib/ruby/1.8/rack/urlmap.rb:41:in `each'
  /usr/lib/ruby/1.8/rack/urlmap.rb:41:in `call'
  /usr/lib/ruby/1.8/rack/content_length.rb:13:in `call'
  /usr/lib/ruby/1.8/rack/chunked.rb:15:in `call'
  /usr/lib/ruby/1.8/rack/handler/mongrel.rb:67:in `process'
  /usr/lib/ruby/1.8/rack/handler/mongrel.rb:38:in `run'

Rendering rescues/layout (not_found)


Processing ApplicationController#index (for 127.0.0.1 at 2012-05-01 17:37:44) [GET]

ActionController::RoutingError (No route matches "/images/forward_disabled.jpg" with {:method=>:get}):
  /usr/lib/ruby/1.8/action_controller/routing/recognition_optimisation.rb:66:in `recognize_path'
  /usr/lib/ruby/1.8/action_controller/routing/route_set.rb:441:in `recognize'
  /usr/lib/ruby/1.8/action_controller/routing/route_set.rb:436:in `call'
  /usr/lib/ruby/1.8/action_controller/dispatcher.rb:87:in `dispatch'
  /usr/lib/ruby/1.8/action_controller/dispatcher.rb:121:in `_call'
  /usr/lib/ruby/1.8/action_controller/dispatcher.rb:130:in `build_middleware_stack'
  /usr/lib/ruby/1.8/active_record/query_cache.rb:29:in `call'
  /usr/lib/ruby/1.8/active_record/query_cache.rb:29:in `call'
  /usr/lib/ruby/1.8/active_record/connection_adapters/abstract/query_cache.rb:34:in `cache'
  /usr/lib/ruby/1.8/active_record/query_cache.rb:9:in `cache'
  /usr/lib/ruby/1.8/active_record/query_cache.rb:28:in `call'
  /usr/lib/ruby/1.8/active_record/connection_adapters/abstract/connection_pool.rb:361:in `call'
  /usr/lib/ruby/1.8/action_controller/string_coercion.rb:25:in `call'
  /usr/lib/ruby/1.8/rack/head.rb:9:in `call'
  /usr/lib/ruby/1.8/rack/methodoverride.rb:24:in `call'
  /usr/lib/ruby/1.8/action_controller/params_parser.rb:15:in `call'
  /usr/lib/ruby/1.8/action_controller/session/cookie_store.rb:93:in `call'
  /usr/lib/ruby/1.8/action_controller/failsafe.rb:26:in `call'
  /usr/lib/ruby/1.8/rack/lock.rb:11:in `call'
  /usr/lib/ruby/1.8/rack/lock.rb:11:in `synchronize'
  /usr/lib/ruby/1.8/rack/lock.rb:11:in `call'
  /usr/lib/ruby/1.8/action_controller/dispatcher.rb:106:in `call'
  /usr/lib/ruby/1.8/rack/urlmap.rb:47:in `call'
  /usr/lib/ruby/1.8/rack/urlmap.rb:41:in `each'
  /usr/lib/ruby/1.8/rack/urlmap.rb:41:in `call'
  /usr/lib/ruby/1.8/rack/content_length.rb:13:in `call'
  /usr/lib/ruby/1.8/rack/chunked.rb:15:in `call'
  /usr/lib/ruby/1.8/rack/handler/mongrel.rb:67:in `process'
  /usr/lib/ruby/1.8/rack/handler/mongrel.rb:38:in `run'

Rendering rescues/layout (not_found)


Processing IssuesController#show (for 127.0.0.1 at 2012-05-01 17:37:51) [GET]
  Parameters: {"title"=>"Missed appointments", "id"=>"24"}
Rendering issues/show
Completed in 38ms (View: 7, DB: 1) | 200 OK [http://localhost/issues/show?id=24&title=Missed%20appointments]


Processing SmsController#outbox (for 127.0.0.1 at 2012-05-01 17:37:51) [GET]


Processing IssuesController#show (for 127.0.0.1 at 2012-05-01 17:38:18) [GET]
  Parameters: {"title"=>"Missed appointments", "id"=>"24"}
Rendering issues/show

ActionView::TemplateError (undefined method `message' for #<Array:0xb66ee3d8>) on line #270 of app/views/issues/show.html.erb:
267:         <table id="sent_msg">
268:           <% (@sms.map || []).sort do |sms| 
269:          
270:              if sms.message.match(/::/)                                                
271:                message = sms.message.split("::")[1].to_s rescue sms.message            
272:              else                                                                      
273:                message = sms.message                                                   

    app/views/issues/show.html.erb:270
    app/views/issues/show.html.erb:268:in `sort'
    app/views/issues/show.html.erb:268
    /usr/lib/ruby/1.8/action_view/renderable.rb:34:in `send'
    /usr/lib/ruby/1.8/action_view/renderable.rb:34:in `render'
    /usr/lib/ruby/1.8/action_view/base.rb:306:in `with_template'
    /usr/lib/ruby/1.8/action_view/renderable.rb:30:in `render'
    /usr/lib/ruby/1.8/action_view/template.rb:205:in `render_template'
    /usr/lib/ruby/1.8/action_view/base.rb:265:in `render'
    /usr/lib/ruby/1.8/action_controller/base.rb:1250:in `render_for_file'
    /usr/lib/ruby/1.8/action_controller/base.rb:945:in `render_without_benchmark'
    /usr/lib/ruby/1.8/action_controller/benchmarking.rb:51:in `render'
    /usr/lib/ruby/1.8/action_controller/benchmarking.rb:51:in `render'
    /usr/lib/ruby/1.8/action_controller/base.rb:1326:in `default_render'
    /usr/lib/ruby/1.8/action_controller/base.rb:1332:in `perform_action_without_filters'
    /usr/lib/ruby/1.8/action_controller/filters.rb:617:in `call_filters'
    /usr/lib/ruby/1.8/action_controller/filters.rb:610:in `perform_action_without_benchmark'
    /usr/lib/ruby/1.8/action_controller/benchmarking.rb:68:in `perform_action_without_rescue'
    /usr/lib/ruby/1.8/action_controller/benchmarking.rb:68:in `perform_action_without_rescue'
    /usr/lib/ruby/1.8/action_controller/rescue.rb:160:in `perform_action_without_flash'
    /usr/lib/ruby/1.8/action_controller/flash.rb:146:in `perform_action'
    /usr/lib/ruby/1.8/action_controller/base.rb:532:in `send'
    /usr/lib/ruby/1.8/action_controller/base.rb:532:in `process_without_filters'
    /usr/lib/ruby/1.8/action_controller/filters.rb:606:in `process'
    /usr/lib/ruby/1.8/action_controller/base.rb:391:in `process'
    /usr/lib/ruby/1.8/action_controller/base.rb:386:in `call'
    /usr/lib/ruby/1.8/action_controller/routing/route_set.rb:437:in `call'
    /usr/lib/ruby/1.8/action_controller/dispatcher.rb:87:in `dispatch'
    /usr/lib/ruby/1.8/action_controller/dispatcher.rb:121:in `_call'
    /usr/lib/ruby/1.8/action_controller/dispatcher.rb:130:in `build_middleware_stack'
    /usr/lib/ruby/1.8/active_record/query_cache.rb:29:in `call'
    /usr/lib/ruby/1.8/active_record/query_cache.rb:29:in `call'
    /usr/lib/ruby/1.8/active_record/connection_adapters/abstract/query_cache.rb:34:in `cache'
    /usr/lib/ruby/1.8/active_record/query_cache.rb:9:in `cache'
    /usr/lib/ruby/1.8/active_record/query_cache.rb:28:in `call'
    /usr/lib/ruby/1.8/active_record/connection_adapters/abstract/connection_pool.rb:361:in `call'
    /usr/lib/ruby/1.8/action_controller/string_coercion.rb:25:in `call'
    /usr/lib/ruby/1.8/rack/head.rb:9:in `call'
    /usr/lib/ruby/1.8/rack/methodoverride.rb:24:in `call'
    /usr/lib/ruby/1.8/action_controller/params_parser.rb:15:in `call'
    /usr/lib/ruby/1.8/action_controller/session/cookie_store.rb:93:in `call'
    /usr/lib/ruby/1.8/action_controller/failsafe.rb:26:in `call'
    /usr/lib/ruby/1.8/rack/lock.rb:11:in `call'
    /usr/lib/ruby/1.8/rack/lock.rb:11:in `synchronize'
    /usr/lib/ruby/1.8/rack/lock.rb:11:in `call'
    /usr/lib/ruby/1.8/action_controller/dispatcher.rb:106:in `call'
    /usr/lib/ruby/1.8/rack/urlmap.rb:47:in `call'
    /usr/lib/ruby/1.8/rack/urlmap.rb:41:in `each'
    /usr/lib/ruby/1.8/rack/urlmap.rb:41:in `call'
    /usr/lib/ruby/1.8/rack/content_length.rb:13:in `call'
    /usr/lib/ruby/1.8/rack/chunked.rb:15:in `call'
    /usr/lib/ruby/1.8/rack/handler/mongrel.rb:67:in `process'
    /usr/lib/ruby/1.8/rack/handler/mongrel.rb:38:in `run'

Rendering rescues/layout (internal_server_error)


Processing IssuesController#show (for 127.0.0.1 at 2012-05-01 17:40:18) [GET]
  Parameters: {"title"=>"Missed appointments", "id"=>"24"}
Rendering issues/show

ActionView::TemplateError (undefined method `message' for #<Array:0xb66963cc>) on line #270 of app/views/issues/show.html.erb:
267:         <table id="sent_msg">
268:           <% (@sms.map || []).sort do |sms| 
269:          
270:              if sms.message.match(/::/)                                                
271:                message = sms.message.split("::")[1].to_s rescue sms.message            
272:              else                                                                      
273:                message = sms.message                                                   

    app/views/issues/show.html.erb:270
    app/views/issues/show.html.erb:268:in `sort'
    app/views/issues/show.html.erb:268
    /usr/lib/ruby/1.8/action_view/renderable.rb:34:in `send'
    /usr/lib/ruby/1.8/action_view/renderable.rb:34:in `render'
    /usr/lib/ruby/1.8/action_view/base.rb:306:in `with_template'
    /usr/lib/ruby/1.8/action_view/renderable.rb:30:in `render'
    /usr/lib/ruby/1.8/action_view/template.rb:205:in `render_template'
    /usr/lib/ruby/1.8/action_view/base.rb:265:in `render'
    /usr/lib/ruby/1.8/action_controller/base.rb:1250:in `render_for_file'
    /usr/lib/ruby/1.8/action_controller/base.rb:945:in `render_without_benchmark'
    /usr/lib/ruby/1.8/action_controller/benchmarking.rb:51:in `render'
    /usr/lib/ruby/1.8/action_controller/benchmarking.rb:51:in `render'
    /usr/lib/ruby/1.8/action_controller/base.rb:1326:in `default_render'
    /usr/lib/ruby/1.8/action_controller/base.rb:1332:in `perform_action_without_filters'
    /usr/lib/ruby/1.8/action_controller/filters.rb:617:in `call_filters'
    /usr/lib/ruby/1.8/action_controller/filters.rb:610:in `perform_action_without_benchmark'
    /usr/lib/ruby/1.8/action_controller/benchmarking.rb:68:in `perform_action_without_rescue'
    /usr/lib/ruby/1.8/action_controller/benchmarking.rb:68:in `perform_action_without_rescue'
    /usr/lib/ruby/1.8/action_controller/rescue.rb:160:in `perform_action_without_flash'
    /usr/lib/ruby/1.8/action_controller/flash.rb:146:in `perform_action'
    /usr/lib/ruby/1.8/action_controller/base.rb:532:in `send'
    /usr/lib/ruby/1.8/action_controller/base.rb:532:in `process_without_filters'
    /usr/lib/ruby/1.8/action_controller/filters.rb:606:in `process'
    /usr/lib/ruby/1.8/action_controller/base.rb:391:in `process'
    /usr/lib/ruby/1.8/action_controller/base.rb:386:in `call'
    /usr/lib/ruby/1.8/action_controller/routing/route_set.rb:437:in `call'
    /usr/lib/ruby/1.8/action_controller/dispatcher.rb:87:in `dispatch'
    /usr/lib/ruby/1.8/action_controller/dispatcher.rb:121:in `_call'
    /usr/lib/ruby/1.8/action_controller/dispatcher.rb:130:in `build_middleware_stack'
    /usr/lib/ruby/1.8/active_record/query_cache.rb:29:in `call'
    /usr/lib/ruby/1.8/active_record/query_cache.rb:29:in `call'
    /usr/lib/ruby/1.8/active_record/connection_adapters/abstract/query_cache.rb:34:in `cache'
    /usr/lib/ruby/1.8/active_record/query_cache.rb:9:in `cache'
    /usr/lib/ruby/1.8/active_record/query_cache.rb:28:in `call'
    /usr/lib/ruby/1.8/active_record/connection_adapters/abstract/connection_pool.rb:361:in `call'
    /usr/lib/ruby/1.8/action_controller/string_coercion.rb:25:in `call'
    /usr/lib/ruby/1.8/rack/head.rb:9:in `call'
    /usr/lib/ruby/1.8/rack/methodoverride.rb:24:in `call'
    /usr/lib/ruby/1.8/action_controller/params_parser.rb:15:in `call'
    /usr/lib/ruby/1.8/action_controller/session/cookie_store.rb:93:in `call'
    /usr/lib/ruby/1.8/action_controller/failsafe.rb:26:in `call'
    /usr/lib/ruby/1.8/rack/lock.rb:11:in `call'
    /usr/lib/ruby/1.8/rack/lock.rb:11:in `synchronize'
    /usr/lib/ruby/1.8/rack/lock.rb:11:in `call'
    /usr/lib/ruby/1.8/action_controller/dispatcher.rb:106:in `call'
    /usr/lib/ruby/1.8/rack/urlmap.rb:47:in `call'
    /usr/lib/ruby/1.8/rack/urlmap.rb:41:in `each'
    /usr/lib/ruby/1.8/rack/urlmap.rb:41:in `call'
    /usr/lib/ruby/1.8/rack/content_length.rb:13:in `call'
    /usr/lib/ruby/1.8/rack/chunked.rb:15:in `call'
    /usr/lib/ruby/1.8/rack/handler/mongrel.rb:67:in `process'
    /usr/lib/ruby/1.8/rack/handler/mongrel.rb:38:in `run'

Rendering rescues/layout (internal_server_error)


Processing ReportsController#container (for 127.0.0.1 at 2012-05-01 17:40:28) [GET]
  Parameters: {"start_date"=>"2012-02-01", "type"=>"missed_appointments"}
Rendering reports/container
Completed in 26ms (View: 11, DB: 2) | 200 OK [http://localhost/reports/container?type=missed_appointments&start_date=2012-02-01]


Processing ApplicationController#index (for 127.0.0.1 at 2012-05-01 17:40:29) [GET]

ActionController::RoutingError (No route matches "/images/sort_asc.jpg" with {:method=>:get}):
  /usr/lib/ruby/1.8/action_controller/routing/recognition_optimisation.rb:66:in `recognize_path'
  /usr/lib/ruby/1.8/action_controller/routing/route_set.rb:441:in `recognize'
  /usr/lib/ruby/1.8/action_controller/routing/route_set.rb:436:in `call'
  /usr/lib/ruby/1.8/action_controller/dispatcher.rb:87:in `dispatch'
  /usr/lib/ruby/1.8/action_controller/dispatcher.rb:121:in `_call'
  /usr/lib/ruby/1.8/action_controller/dispatcher.rb:130:in `build_middleware_stack'
  /usr/lib/ruby/1.8/active_record/query_cache.rb:29:in `call'
  /usr/lib/ruby/1.8/active_record/query_cache.rb:29:in `call'
  /usr/lib/ruby/1.8/active_record/connection_adapters/abstract/query_cache.rb:34:in `cache'
  /usr/lib/ruby/1.8/active_record/query_cache.rb:9:in `cache'
  /usr/lib/ruby/1.8/active_record/query_cache.rb:28:in `call'
  /usr/lib/ruby/1.8/active_record/connection_adapters/abstract/connection_pool.rb:361:in `call'
  /usr/lib/ruby/1.8/action_controller/string_coercion.rb:25:in `call'
  /usr/lib/ruby/1.8/rack/head.rb:9:in `call'
  /usr/lib/ruby/1.8/rack/methodoverride.rb:24:in `call'
  /usr/lib/ruby/1.8/action_controller/params_parser.rb:15:in `call'
  /usr/lib/ruby/1.8/action_controller/session/cookie_store.rb:93:in `call'
  /usr/lib/ruby/1.8/action_controller/failsafe.rb:26:in `call'
  /usr/lib/ruby/1.8/rack/lock.rb:11:in `call'
  /usr/lib/ruby/1.8/rack/lock.rb:11:in `synchronize'
  /usr/lib/ruby/1.8/rack/lock.rb:11:in `call'
  /usr/lib/ruby/1.8/action_controller/dispatcher.rb:106:in `call'
  /usr/lib/ruby/1.8/rack/urlmap.rb:47:in `call'
  /usr/lib/ruby/1.8/rack/urlmap.rb:41:in `each'
  /usr/lib/ruby/1.8/rack/urlmap.rb:41:in `call'
  /usr/lib/ruby/1.8/rack/content_length.rb:13:in `call'
  /usr/lib/ruby/1.8/rack/chunked.rb:15:in `call'
  /usr/lib/ruby/1.8/rack/handler/mongrel.rb:67:in `process'
  /usr/lib/ruby/1.8/rack/handler/mongrel.rb:38:in `run'

Rendering rescues/layout (not_found)


Processing ApplicationController#index (for 127.0.0.1 at 2012-05-01 17:40:29) [GET]

ActionController::RoutingError (No route matches "/images/sort_both.jpg" with {:method=>:get}):
  /usr/lib/ruby/1.8/action_controller/routing/recognition_optimisation.rb:66:in `recognize_path'
  /usr/lib/ruby/1.8/action_controller/routing/route_set.rb:441:in `recognize'
  /usr/lib/ruby/1.8/action_controller/routing/route_set.rb:436:in `call'
  /usr/lib/ruby/1.8/action_controller/dispatcher.rb:87:in `dispatch'
  /usr/lib/ruby/1.8/action_controller/dispatcher.rb:121:in `_call'
  /usr/lib/ruby/1.8/action_controller/dispatcher.rb:130:in `build_middleware_stack'
  /usr/lib/ruby/1.8/active_record/query_cache.rb:29:in `call'
  /usr/lib/ruby/1.8/active_record/query_cache.rb:29:in `call'
  /usr/lib/ruby/1.8/active_record/connection_adapters/abstract/query_cache.rb:34:in `cache'
  /usr/lib/ruby/1.8/active_record/query_cache.rb:9:in `cache'
  /usr/lib/ruby/1.8/active_record/query_cache.rb:28:in `call'
  /usr/lib/ruby/1.8/active_record/connection_adapters/abstract/connection_pool.rb:361:in `call'
  /usr/lib/ruby/1.8/action_controller/string_coercion.rb:25:in `call'
  /usr/lib/ruby/1.8/rack/head.rb:9:in `call'
  /usr/lib/ruby/1.8/rack/methodoverride.rb:24:in `call'
  /usr/lib/ruby/1.8/action_controller/params_parser.rb:15:in `call'
  /usr/lib/ruby/1.8/action_controller/session/cookie_store.rb:93:in `call'
  /usr/lib/ruby/1.8/action_controller/failsafe.rb:26:in `call'
  /usr/lib/ruby/1.8/rack/lock.rb:11:in `call'
  /usr/lib/ruby/1.8/rack/lock.rb:11:in `synchronize'
  /usr/lib/ruby/1.8/rack/lock.rb:11:in `call'
  /usr/lib/ruby/1.8/action_controller/dispatcher.rb:106:in `call'
  /usr/lib/ruby/1.8/rack/urlmap.rb:47:in `call'
  /usr/lib/ruby/1.8/rack/urlmap.rb:41:in `each'
  /usr/lib/ruby/1.8/rack/urlmap.rb:41:in `call'
  /usr/lib/ruby/1.8/rack/content_length.rb:13:in `call'
  /usr/lib/ruby/1.8/rack/chunked.rb:15:in `call'
  /usr/lib/ruby/1.8/rack/handler/mongrel.rb:67:in `process'
  /usr/lib/ruby/1.8/rack/handler/mongrel.rb:38:in `run'

Rendering rescues/layout (not_found)


Processing ApplicationController#index (for 127.0.0.1 at 2012-05-01 17:40:29) [GET]

ActionController::RoutingError (No route matches "/images/back_disabled.jpg" with {:method=>:get}):
  /usr/lib/ruby/1.8/action_controller/routing/recognition_optimisation.rb:66:in `recognize_path'
  /usr/lib/ruby/1.8/action_controller/routing/route_set.rb:441:in `recognize'
  /usr/lib/ruby/1.8/action_controller/routing/route_set.rb:436:in `call'
  /usr/lib/ruby/1.8/action_controller/dispatcher.rb:87:in `dispatch'
  /usr/lib/ruby/1.8/action_controller/dispatcher.rb:121:in `_call'
  /usr/lib/ruby/1.8/action_controller/dispatcher.rb:130:in `build_middleware_stack'
  /usr/lib/ruby/1.8/active_record/query_cache.rb:29:in `call'
  /usr/lib/ruby/1.8/active_record/query_cache.rb:29:in `call'
  /usr/lib/ruby/1.8/active_record/connection_adapters/abstract/query_cache.rb:34:in `cache'
  /usr/lib/ruby/1.8/active_record/query_cache.rb:9:in `cache'
  /usr/lib/ruby/1.8/active_record/query_cache.rb:28:in `call'
  /usr/lib/ruby/1.8/active_record/connection_adapters/abstract/connection_pool.rb:361:in `call'
  /usr/lib/ruby/1.8/action_controller/string_coercion.rb:25:in `call'
  /usr/lib/ruby/1.8/rack/head.rb:9:in `call'
  /usr/lib/ruby/1.8/rack/methodoverride.rb:24:in `call'
  /usr/lib/ruby/1.8/action_controller/params_parser.rb:15:in `call'
  /usr/lib/ruby/1.8/action_controller/session/cookie_store.rb:93:in `call'
  /usr/lib/ruby/1.8/action_controller/failsafe.rb:26:in `call'
  /usr/lib/ruby/1.8/rack/lock.rb:11:in `call'
  /usr/lib/ruby/1.8/rack/lock.rb:11:in `synchronize'
  /usr/lib/ruby/1.8/rack/lock.rb:11:in `call'
  /usr/lib/ruby/1.8/action_controller/dispatcher.rb:106:in `call'
  /usr/lib/ruby/1.8/rack/urlmap.rb:47:in `call'
  /usr/lib/ruby/1.8/rack/urlmap.rb:41:in `each'
  /usr/lib/ruby/1.8/rack/urlmap.rb:41:in `call'
  /usr/lib/ruby/1.8/rack/content_length.rb:13:in `call'
  /usr/lib/ruby/1.8/rack/chunked.rb:15:in `call'
  /usr/lib/ruby/1.8/rack/handler/mongrel.rb:67:in `process'
  /usr/lib/ruby/1.8/rack/handler/mongrel.rb:38:in `run'

Rendering rescues/layout (not_found)


Processing ApplicationController#index (for 127.0.0.1 at 2012-05-01 17:40:29) [GET]

ActionController::RoutingError (No route matches "/images/forward_disabled.jpg" with {:method=>:get}):
  /usr/lib/ruby/1.8/action_controller/routing/recognition_optimisation.rb:66:in `recognize_path'
  /usr/lib/ruby/1.8/action_controller/routing/route_set.rb:441:in `recognize'
  /usr/lib/ruby/1.8/action_controller/routing/route_set.rb:436:in `call'
  /usr/lib/ruby/1.8/action_controller/dispatcher.rb:87:in `dispatch'
  /usr/lib/ruby/1.8/action_controller/dispatcher.rb:121:in `_call'
  /usr/lib/ruby/1.8/action_controller/dispatcher.rb:130:in `build_middleware_stack'
  /usr/lib/ruby/1.8/active_record/query_cache.rb:29:in `call'
  /usr/lib/ruby/1.8/active_record/query_cache.rb:29:in `call'
  /usr/lib/ruby/1.8/active_record/connection_adapters/abstract/query_cache.rb:34:in `cache'
  /usr/lib/ruby/1.8/active_record/query_cache.rb:9:in `cache'
  /usr/lib/ruby/1.8/active_record/query_cache.rb:28:in `call'
  /usr/lib/ruby/1.8/active_record/connection_adapters/abstract/connection_pool.rb:361:in `call'
  /usr/lib/ruby/1.8/action_controller/string_coercion.rb:25:in `call'
  /usr/lib/ruby/1.8/rack/head.rb:9:in `call'
  /usr/lib/ruby/1.8/rack/methodoverride.rb:24:in `call'
  /usr/lib/ruby/1.8/action_controller/params_parser.rb:15:in `call'
  /usr/lib/ruby/1.8/action_controller/session/cookie_store.rb:93:in `call'
  /usr/lib/ruby/1.8/action_controller/failsafe.rb:26:in `call'
  /usr/lib/ruby/1.8/rack/lock.rb:11:in `call'
  /usr/lib/ruby/1.8/rack/lock.rb:11:in `synchronize'
  /usr/lib/ruby/1.8/rack/lock.rb:11:in `call'
  /usr/lib/ruby/1.8/action_controller/dispatcher.rb:106:in `call'
  /usr/lib/ruby/1.8/rack/urlmap.rb:47:in `call'
  /usr/lib/ruby/1.8/rack/urlmap.rb:41:in `each'
  /usr/lib/ruby/1.8/rack/urlmap.rb:41:in `call'
  /usr/lib/ruby/1.8/rack/content_length.rb:13:in `call'
  /usr/lib/ruby/1.8/rack/chunked.rb:15:in `call'
  /usr/lib/ruby/1.8/rack/handler/mongrel.rb:67:in `process'
  /usr/lib/ruby/1.8/rack/handler/mongrel.rb:38:in `run'

Rendering rescues/layout (not_found)


Processing IssuesController#show (for 127.0.0.1 at 2012-05-01 17:40:32) [GET]
  Parameters: {"title"=>"Missed appointments", "id"=>"24"}
Rendering issues/show

ActionView::TemplateError (undefined method `message' for #<Array:0xb6794f80>) on line #270 of app/views/issues/show.html.erb:
267:         <table id="sent_msg">
268:           <% (@sms.map || []).sort do |sms| 
269:          
270:              if sms.message.match(/::/)                                                
271:                message = sms.message.split("::")[1].to_s rescue sms.message            
272:              else                                                                      
273:                message = sms.message                                                   

    app/views/issues/show.html.erb:270
    app/views/issues/show.html.erb:268:in `sort'
    app/views/issues/show.html.erb:268
    /usr/lib/ruby/1.8/action_view/renderable.rb:34:in `send'
    /usr/lib/ruby/1.8/action_view/renderable.rb:34:in `render'
    /usr/lib/ruby/1.8/action_view/base.rb:306:in `with_template'
    /usr/lib/ruby/1.8/action_view/renderable.rb:30:in `render'
    /usr/lib/ruby/1.8/action_view/template.rb:205:in `render_template'
    /usr/lib/ruby/1.8/action_view/base.rb:265:in `render'
    /usr/lib/ruby/1.8/action_controller/base.rb:1250:in `render_for_file'
    /usr/lib/ruby/1.8/action_controller/base.rb:945:in `render_without_benchmark'
    /usr/lib/ruby/1.8/action_controller/benchmarking.rb:51:in `render'
    /usr/lib/ruby/1.8/action_controller/benchmarking.rb:51:in `render'
    /usr/lib/ruby/1.8/action_controller/base.rb:1326:in `default_render'
    /usr/lib/ruby/1.8/action_controller/base.rb:1332:in `perform_action_without_filters'
    /usr/lib/ruby/1.8/action_controller/filters.rb:617:in `call_filters'
    /usr/lib/ruby/1.8/action_controller/filters.rb:610:in `perform_action_without_benchmark'
    /usr/lib/ruby/1.8/action_controller/benchmarking.rb:68:in `perform_action_without_rescue'
    /usr/lib/ruby/1.8/action_controller/benchmarking.rb:68:in `perform_action_without_rescue'
    /usr/lib/ruby/1.8/action_controller/rescue.rb:160:in `perform_action_without_flash'
    /usr/lib/ruby/1.8/action_controller/flash.rb:146:in `perform_action'
    /usr/lib/ruby/1.8/action_controller/base.rb:532:in `send'
    /usr/lib/ruby/1.8/action_controller/base.rb:532:in `process_without_filters'
    /usr/lib/ruby/1.8/action_controller/filters.rb:606:in `process'
    /usr/lib/ruby/1.8/action_controller/base.rb:391:in `process'
    /usr/lib/ruby/1.8/action_controller/base.rb:386:in `call'
    /usr/lib/ruby/1.8/action_controller/routing/route_set.rb:437:in `call'
    /usr/lib/ruby/1.8/action_controller/dispatcher.rb:87:in `dispatch'
    /usr/lib/ruby/1.8/action_controller/dispatcher.rb:121:in `_call'
    /usr/lib/ruby/1.8/action_controller/dispatcher.rb:130:in `build_middleware_stack'
    /usr/lib/ruby/1.8/active_record/query_cache.rb:29:in `call'
    /usr/lib/ruby/1.8/active_record/query_cache.rb:29:in `call'
    /usr/lib/ruby/1.8/active_record/connection_adapters/abstract/query_cache.rb:34:in `cache'
    /usr/lib/ruby/1.8/active_record/query_cache.rb:9:in `cache'
    /usr/lib/ruby/1.8/active_record/query_cache.rb:28:in `call'
    /usr/lib/ruby/1.8/active_record/connection_adapters/abstract/connection_pool.rb:361:in `call'
    /usr/lib/ruby/1.8/action_controller/string_coercion.rb:25:in `call'
    /usr/lib/ruby/1.8/rack/head.rb:9:in `call'
    /usr/lib/ruby/1.8/rack/methodoverride.rb:24:in `call'
    /usr/lib/ruby/1.8/action_controller/params_parser.rb:15:in `call'
    /usr/lib/ruby/1.8/action_controller/session/cookie_store.rb:93:in `call'
    /usr/lib/ruby/1.8/action_controller/failsafe.rb:26:in `call'
    /usr/lib/ruby/1.8/rack/lock.rb:11:in `call'
    /usr/lib/ruby/1.8/rack/lock.rb:11:in `synchronize'
    /usr/lib/ruby/1.8/rack/lock.rb:11:in `call'
    /usr/lib/ruby/1.8/action_controller/dispatcher.rb:106:in `call'
    /usr/lib/ruby/1.8/rack/urlmap.rb:47:in `call'
    /usr/lib/ruby/1.8/rack/urlmap.rb:41:in `each'
    /usr/lib/ruby/1.8/rack/urlmap.rb:41:in `call'
    /usr/lib/ruby/1.8/rack/content_length.rb:13:in `call'
    /usr/lib/ruby/1.8/rack/chunked.rb:15:in `call'
    /usr/lib/ruby/1.8/rack/handler/mongrel.rb:67:in `process'
    /usr/lib/ruby/1.8/rack/handler/mongrel.rb:38:in `run'

Rendering rescues/layout (internal_server_error)
